0 info it worked if it ends with ok
1 verbose cli [ '/usr/bin/node', '/usr/bin/npm', 'install', 'readline-sync' ]
2 info using npm@3.10.10
3 info using node@v6.13.0
4 verbose config Skipping project config: /home/harish/.npmrc. (matches userconfig)
5 silly loadCurrentTree Starting
6 silly install loadCurrentTree
7 silly install readLocalPackageData
8 silly fetchPackageMetaData readline-sync
9 silly fetchNamedPackageData readline-sync
10 silly mapToRegistry name readline-sync
11 silly mapToRegistry using default registry
12 silly mapToRegistry registry https://registry.npmjs.org/
13 silly mapToRegistry data Result {
13 silly mapToRegistry   raw: 'readline-sync',
13 silly mapToRegistry   scope: null,
13 silly mapToRegistry   escapedName: 'readline-sync',
13 silly mapToRegistry   name: 'readline-sync',
13 silly mapToRegistry   rawSpec: '',
13 silly mapToRegistry   spec: 'latest',
13 silly mapToRegistry   type: 'tag' }
14 silly mapToRegistry uri https://registry.npmjs.org/readline-sync
15 verbose request uri https://registry.npmjs.org/readline-sync
16 verbose request no auth needed
17 info attempt registry request try #1 at 3:40:23 PM
18 verbose request id 07627112cdbd1f82
19 verbose etag W/"360f4722c39f42094df264134b0c29f0"
20 verbose lastModified Sun, 27 May 2018 15:26:59 GMT
21 http request GET https://registry.npmjs.org/readline-sync
22 http 304 https://registry.npmjs.org/readline-sync
23 verbose headers { date: 'Mon, 31 Dec 2018 10:10:24 GMT',
23 verbose headers   connection: 'keep-alive',
23 verbose headers   'set-cookie': [ '__cfduid=db1c490ffe9d6c6e475326d5fa4da0c9e1546251023; expires=Tue, 31-Dec-19 10:10:23 GMT; path=/; domain=.registry.npmjs.org; HttpOnly' ],
23 verbose headers   'cf-cache-status': 'REVALIDATED',
23 verbose headers   'cache-control': 'max-age=300',
23 verbose headers   'cf-ray': '491bf4c228572fb1-MAA',
23 verbose headers   etag: '"360f4722c39f42094df264134b0c29f0"',
23 verbose headers   'expect-ct': 'max-age=604800, report-uri="https://report-uri.cloudflare.com/cdn-cgi/beacon/expect-ct"',
23 verbose headers   'last-modified': 'Sun, 27 May 2018 15:26:59 GMT',
23 verbose headers   vary: 'accept-encoding, accept',
23 verbose headers   server: 'cloudflare' }
24 silly get cb [ 304,
24 silly get   { date: 'Mon, 31 Dec 2018 10:10:24 GMT',
24 silly get     connection: 'keep-alive',
24 silly get     'set-cookie': [ '__cfduid=db1c490ffe9d6c6e475326d5fa4da0c9e1546251023; expires=Tue, 31-Dec-19 10:10:23 GMT; path=/; domain=.registry.npmjs.org; HttpOnly' ],
24 silly get     'cf-cache-status': 'REVALIDATED',
24 silly get     'cache-control': 'max-age=300',
24 silly get     'cf-ray': '491bf4c228572fb1-MAA',
24 silly get     etag: '"360f4722c39f42094df264134b0c29f0"',
24 silly get     'expect-ct': 'max-age=604800, report-uri="https://report-uri.cloudflare.com/cdn-cgi/beacon/expect-ct"',
24 silly get     'last-modified': 'Sun, 27 May 2018 15:26:59 GMT',
24 silly get     vary: 'accept-encoding, accept',
24 silly get     server: 'cloudflare' } ]
25 verbose etag https://registry.npmjs.org/readline-sync from cache
26 verbose get saving readline-sync to /home/harish/.npm/registry.npmjs.org/readline-sync/.cache.json
27 verbose correctMkdir /home/harish/.npm correctMkdir not in flight; initializing
28 silly install normalizeTree
29 silly loadCurrentTree Finishing
30 silly loadIdealTree Starting
31 silly install loadIdealTree
32 silly cloneCurrentTree Starting
33 silly install cloneCurrentTreeToIdealTree
34 silly cloneCurrentTree Finishing
35 silly loadShrinkwrap Starting
36 silly install loadShrinkwrap
37 silly loadShrinkwrap Finishing
38 silly loadAllDepsIntoIdealTree Starting
39 silly install loadAllDepsIntoIdealTree
40 silly resolveWithNewModule readline-sync@1.4.9 checking installable status
41 silly cache add args [ 'readline-sync', null ]
42 verbose cache add spec readline-sync
43 silly cache add parsed spec Result {
43 silly cache add   raw: 'readline-sync',
43 silly cache add   scope: null,
43 silly cache add   escapedName: 'readline-sync',
43 silly cache add   name: 'readline-sync',
43 silly cache add   rawSpec: '',
43 silly cache add   spec: 'latest',
43 silly cache add   type: 'tag' }
44 silly addNamed readline-sync@latest
45 verbose addNamed "latest" is being treated as a dist-tag for readline-sync
46 info addNameTag [ 'readline-sync', 'latest' ]
47 silly mapToRegistry name readline-sync
48 silly mapToRegistry using default registry
49 silly mapToRegistry registry https://registry.npmjs.org/
50 silly mapToRegistry data Result {
50 silly mapToRegistry   raw: 'readline-sync',
50 silly mapToRegistry   scope: null,
50 silly mapToRegistry   escapedName: 'readline-sync',
50 silly mapToRegistry   name: 'readline-sync',
50 silly mapToRegistry   rawSpec: '',
50 silly mapToRegistry   spec: 'latest',
50 silly mapToRegistry   type: 'tag' }
51 silly mapToRegistry uri https://registry.npmjs.org/readline-sync
52 verbose addNameTag registry:https://registry.npmjs.org/readline-sync not in flight; fetching
53 verbose get https://registry.npmjs.org/readline-sync not expired, no request
54 silly addNameTag next cb for readline-sync with tag latest
55 silly addNamed readline-sync@1.4.9
56 verbose addNamed "1.4.9" is a plain semver version for readline-sync
57 silly cache afterAdd readline-sync@1.4.9
58 verbose afterAdd /home/harish/.npm/readline-sync/1.4.9/package/package.json not in flight; writing
59 verbose correctMkdir /home/harish/.npm correctMkdir not in flight; initializing
60 verbose afterAdd /home/harish/.npm/readline-sync/1.4.9/package/package.json written
61 silly fetchNamedPackageData fsevents
62 silly mapToRegistry name fsevents
63 silly mapToRegistry using default registry
64 silly mapToRegistry registry https://registry.npmjs.org/
65 silly mapToRegistry data Result {
65 silly mapToRegistry   raw: 'fsevents',
65 silly mapToRegistry   scope: null,
65 silly mapToRegistry   escapedName: 'fsevents',
65 silly mapToRegistry   name: 'fsevents',
65 silly mapToRegistry   rawSpec: '',
65 silly mapToRegistry   spec: 'latest',
65 silly mapToRegistry   type: 'tag' }
66 silly mapToRegistry uri https://registry.npmjs.org/fsevents
67 verbose request uri https://registry.npmjs.org/fsevents
68 verbose request no auth needed
69 info attempt registry request try #1 at 3:40:25 PM
70 verbose etag W/"cd6b0902877e98caf126c8071e155077"
71 verbose lastModified Sat, 29 Dec 2018 10:57:07 GMT
72 http request GET https://registry.npmjs.org/fsevents
73 http 304 https://registry.npmjs.org/fsevents
74 verbose headers { date: 'Mon, 31 Dec 2018 10:10:25 GMT',
74 verbose headers   connection: 'keep-alive',
74 verbose headers   'set-cookie': [ '__cfduid=d14acd9d369bb59eb234bcdf82432066a1546251025; expires=Tue, 31-Dec-19 10:10:25 GMT; path=/; domain=.registry.npmjs.org; HttpOnly' ],
74 verbose headers   'cf-cache-status': 'HIT',
74 verbose headers   'cache-control': 'max-age=300',
74 verbose headers   'cf-ray': '491bf4ce4ea82fb1-MAA',
74 verbose headers   etag: '"cd6b0902877e98caf126c8071e155077"',
74 verbose headers   'expect-ct': 'max-age=604800, report-uri="https://report-uri.cloudflare.com/cdn-cgi/beacon/expect-ct"',
74 verbose headers   'last-modified': 'Sat, 29 Dec 2018 10:57:07 GMT',
74 verbose headers   vary: 'accept-encoding, accept',
74 verbose headers   'x-amz-meta-rev': '95-a7dd400c8bdd4fd4faa34b3675ae2c85',
74 verbose headers   server: 'cloudflare' }
75 silly get cb [ 304,
75 silly get   { date: 'Mon, 31 Dec 2018 10:10:25 GMT',
75 silly get     connection: 'keep-alive',
75 silly get     'set-cookie': [ '__cfduid=d14acd9d369bb59eb234bcdf82432066a1546251025; expires=Tue, 31-Dec-19 10:10:25 GMT; path=/; domain=.registry.npmjs.org; HttpOnly' ],
75 silly get     'cf-cache-status': 'HIT',
75 silly get     'cache-control': 'max-age=300',
75 silly get     'cf-ray': '491bf4ce4ea82fb1-MAA',
75 silly get     etag: '"cd6b0902877e98caf126c8071e155077"',
75 silly get     'expect-ct': 'max-age=604800, report-uri="https://report-uri.cloudflare.com/cdn-cgi/beacon/expect-ct"',
75 silly get     'last-modified': 'Sat, 29 Dec 2018 10:57:07 GMT',
75 silly get     vary: 'accept-encoding, accept',
75 silly get     'x-amz-meta-rev': '95-a7dd400c8bdd4fd4faa34b3675ae2c85',
75 silly get     server: 'cloudflare' } ]
76 verbose etag https://registry.npmjs.org/fsevents from cache
77 verbose get saving fsevents to /home/harish/.npm/registry.npmjs.org/fsevents/.cache.json
78 verbose correctMkdir /home/harish/.npm correctMkdir not in flight; initializing
79 silly resolveWithNewModule fsevents@1.2.4 checking installable status
80 silly loadAllDepsIntoIdealTree Finishing
81 silly loadIdealTree Finishing
82 silly currentTree harish
82 silly currentTree +-- @types/commander@2.12.2
82 silly currentTree +-- @types/semver@5.5.0
82 silly currentTree +-- abbrev@1.1.1
82 silly currentTree +-- accepts@1.3.5
82 silly currentTree +-- accord@0.28.0
82 silly currentTree | +-- convert-source-map@1.6.0
82 silly currentTree | +-- lodash.defaults@4.2.0
82 silly currentTree | `-- semver@5.5.1
82 silly currentTree +-- acorn-jsx@5.0.1
82 silly currentTree +-- acorn@6.0.4
82 silly currentTree +-- ajv-keywords@3.2.0
82 silly currentTree +-- ajv@4.11.8
82 silly currentTree +-- align-text@0.1.4
82 silly currentTree | `-- kind-of@3.2.2
82 silly currentTree +-- ansi-colors@1.1.0
82 silly currentTree +-- ansi-cyan@0.1.1
82 silly currentTree +-- ansi-escapes@2.0.0
82 silly currentTree +-- ansi-gray@0.1.1
82 silly currentTree +-- ansi-red@0.1.1
82 silly currentTree +-- ansi-regex@2.1.1
82 silly currentTree +-- ansi-styles@2.2.1
82 silly currentTree +-- ansi-wrap@0.1.0
82 silly currentTree +-- anymatch@1.3.2
82 silly currentTree | +-- arr-diff@2.0.0
82 silly currentTree | +-- array-unique@0.2.1
82 silly currentTree | +-- braces@1.8.5
82 silly currentTree | +-- expand-brackets@0.1.5
82 silly currentTree | +-- extglob@0.3.2
82 silly currentTree | +-- is-extglob@1.0.0
82 silly currentTree | +-- is-glob@2.0.1
82 silly currentTree | +-- kind-of@3.2.2
82 silly currentTree | `-- micromatch@2.3.11
82 silly currentTree +-- archy@1.0.0
82 silly currentTree +-- argparse@1.0.10
82 silly currentTree +-- arr-diff@4.0.0
82 silly currentTree +-- arr-flatten@1.1.0
82 silly currentTree +-- arr-union@3.1.0
82 silly currentTree +-- array-differ@1.0.0
82 silly currentTree +-- array-each@1.0.1
82 silly currentTree +-- array-find-index@1.0.2
82 silly currentTree +-- array-flatten@1.1.1
82 silly currentTree +-- array-includes@3.0.3
82 silly currentTree +-- array-slice@1.1.0
82 silly currentTree +-- array-union@1.0.2
82 silly currentTree +-- array-uniq@1.0.3
82 silly currentTree +-- array-unique@0.3.2
82 silly currentTree +-- asap@2.0.6
82 silly currentTree +-- asn1@0.2.4
82 silly currentTree +-- assert-plus@0.2.0
82 silly currentTree +-- assign-symbols@1.0.0
82 silly currentTree +-- async-each@1.0.1
82 silly currentTree +-- async@1.5.2
82 silly currentTree +-- asynckit@0.4.0
82 silly currentTree +-- atob@2.1.2
82 silly currentTree +-- autoprefixer@7.2.6
82 silly currentTree +-- aws-sign2@0.6.0
82 silly currentTree +-- aws4@1.8.0
82 silly currentTree +-- babel-code-frame@6.26.0
82 silly currentTree +-- balanced-match@1.0.0
82 silly currentTree +-- base@0.11.2
82 silly currentTree | +-- define-property@1.0.0
82 silly currentTree | +-- is-accessor-descriptor@1.0.0
82 silly currentTree | +-- is-data-descriptor@1.0.0
82 silly currentTree | `-- is-descriptor@1.0.2
82 silly currentTree +-- bcrypt-pbkdf@1.0.2
82 silly currentTree +-- beeper@1.1.1
82 silly currentTree +-- better-console@1.0.1
82 silly currentTree +-- binary-extensions@1.11.0
82 silly currentTree +-- binaryextensions@1.0.1
82 silly currentTree +-- body-parser@1.18.3
82 silly currentTree | +-- iconv-lite@0.4.23
82 silly currentTree | `-- qs@6.5.2
82 silly currentTree +-- boom@2.10.1
82 silly currentTree +-- brace-expansion@1.1.11
82 silly currentTree +-- braces@2.3.2
82 silly currentTree | `-- extend-shallow@2.0.1
82 silly currentTree +-- browserslist@2.11.3
82 silly currentTree +-- bson@1.1.0
82 silly currentTree +-- builtin-modules@1.1.1
82 silly currentTree +-- bytes@3.0.0
82 silly currentTree +-- cache-base@1.0.1
82 silly currentTree +-- caller-path@0.1.0
82 silly currentTree +-- callsites@0.2.0
82 silly currentTree +-- camelcase-keys@2.1.0
82 silly currentTree +-- camelcase@2.1.1
82 silly currentTree +-- caniuse-lite@1.0.30000885
82 silly currentTree +-- caseless@0.12.0
82 silly currentTree +-- center-align@0.1.3
82 silly currentTree +-- chalk@1.1.3
82 silly currentTree +-- chardet@0.4.2
82 silly currentTree +-- chokidar@1.7.0
82 silly currentTree | +-- glob-parent@2.0.0
82 silly currentTree | +-- is-extglob@1.0.0
82 silly currentTree | `-- is-glob@2.0.1
82 silly currentTree +-- circular-json@0.3.3
82 silly currentTree +-- class-utils@0.3.6
82 silly currentTree | `-- define-property@0.2.5
82 silly currentTree +-- clean-css@4.2.1
82 silly currentTree | `-- source-map@0.6.1
82 silly currentTree +-- cli-cursor@2.1.0
82 silly currentTree +-- cli-table@0.3.1
82 silly currentTree +-- cli-width@2.2.0
82 silly currentTree +-- cliui@2.1.0
82 silly currentTree +-- clone-buffer@1.0.0
82 silly currentTree +-- clone-stats@0.0.1
82 silly currentTree +-- clone@1.0.4
82 silly currentTree +-- cloneable-readable@1.1.2
82 silly currentTree | +-- isarray@1.0.0
82 silly currentTree | +-- readable-stream@2.3.6
82 silly currentTree | `-- string_decoder@1.1.1
82 silly currentTree +-- co@4.6.0
82 silly currentTree +-- collection-visit@1.0.0
82 silly currentTree +-- color-convert@1.9.3
82 silly currentTree +-- color-name@1.1.3
82 silly currentTree +-- color-support@1.1.3
82 silly currentTree +-- colors@1.0.3
82 silly currentTree +-- combined-stream@1.0.6
82 silly currentTree +-- commander@2.18.0
82 silly currentTree +-- component-emitter@1.2.1
82 silly currentTree +-- concat-map@0.0.1
82 silly currentTree +-- concat-with-sourcemaps@1.1.0
82 silly currentTree | `-- source-map@0.6.1
82 silly currentTree +-- config-chain@1.1.11
82 silly currentTree +-- contains-path@0.1.0
82 silly currentTree +-- content-disposition@0.5.2
82 silly currentTree +-- content-type@1.0.4
82 silly currentTree +-- convert-source-map@0.3.5
82 silly currentTree +-- cookie-signature@1.0.6
82 silly currentTree +-- cookie@0.3.1
82 silly currentTree +-- copy-descriptor@0.1.1
82 silly currentTree +-- core-util-is@1.0.2
82 silly currentTree +-- cross-spawn@6.0.5
82 silly currentTree | `-- semver@5.6.0
82 silly currentTree +-- cryptiles@2.0.5
82 silly currentTree +-- css@2.2.4
82 silly currentTree | `-- source-map@0.6.1
82 silly currentTree +-- currently-unhandled@0.4.1
82 silly currentTree +-- dashdash@1.14.1
82 silly currentTree | `-- assert-plus@1.0.0
82 silly currentTree +-- dateformat@2.2.0
82 silly currentTree +-- debug-log@1.0.1
82 silly currentTree +-- debug@2.6.9
82 silly currentTree +-- decamelize@1.2.0
82 silly currentTree +-- decode-uri-component@0.2.0
82 silly currentTree +-- deep-assign@1.0.0
82 silly currentTree +-- deep-is@0.1.3
82 silly currentTree +-- deepmerge@2.1.1
82 silly currentTree +-- defaults@1.0.3
82 silly currentTree +-- define-properties@1.1.3
82 silly currentTree | `-- object-keys@1.0.12
82 silly currentTree +-- define-property@2.0.2
82 silly currentTree | +-- is-accessor-descriptor@1.0.0
82 silly currentTree | +-- is-data-descriptor@1.0.0
82 silly currentTree | `-- is-descriptor@1.0.2
82 silly currentTree +-- deglob@2.1.1
82 silly currentTree | `-- ignore@3.3.10
82 silly currentTree +-- del@3.0.0
82 silly currentTree +-- delayed-stream@1.0.0
82 silly currentTree +-- depd@1.1.2
82 silly currentTree +-- deprecated@0.0.1
82 silly currentTree +-- destroy@1.0.4
82 silly currentTree +-- detect-file@1.0.0
82 silly currentTree +-- detect-indent@5.0.0
82 silly currentTree +-- diff@1.0.8
82 silly currentTree +-- doctrine@2.1.0
82 silly currentTree +-- duplexer@0.1.1
82 silly currentTree +-- duplexer2@0.0.2
82 silly currentTree +-- duplexify@3.6.0
82 silly currentTree | +-- end-of-stream@1.4.1
82 silly currentTree | +-- isarray@1.0.0
82 silly currentTree | +-- readable-stream@2.3.6
82 silly currentTree | `-- string_decoder@1.1.1
82 silly currentTree +-- ecc-jsbn@0.1.2
82 silly currentTree +-- editorconfig@0.15.0
82 silly currentTree | +-- lru-cache@4.1.3
82 silly currentTree | `-- semver@5.5.1
82 silly currentTree +-- ee-first@1.1.1
82 silly currentTree +-- electron-to-chromium@1.3.64
82 silly currentTree +-- encodeurl@1.0.2
82 silly currentTree +-- end-of-stream@0.1.5
82 silly currentTree | `-- once@1.3.3
82 silly currentTree +-- errno@0.1.7
82 silly currentTree +-- error-ex@1.3.2
82 silly currentTree +-- es-abstract@1.12.0
82 silly currentTree +-- es-to-primitive@1.2.0
82 silly currentTree +-- escape-html@1.0.3
82 silly currentTree +-- escape-string-regexp@1.0.5
82 silly currentTree +-- eslint-config-standard-jsx@6.0.2
82 silly currentTree +-- eslint-config-standard@12.0.0
82 silly currentTree +-- eslint-import-resolver-node@0.3.2
82 silly currentTree +-- eslint-module-utils@2.2.0
82 silly currentTree +-- eslint-plugin-es@1.4.0
82 silly currentTree +-- eslint-plugin-import@2.14.0
82 silly currentTree | +-- doctrine@1.5.0
82 silly currentTree | +-- find-up@2.1.0
82 silly currentTree | +-- graceful-fs@4.1.15
82 silly currentTree | +-- isarray@1.0.0
82 silly currentTree | +-- load-json-file@2.0.0
82 silly currentTree | +-- lodash@4.17.11
82 silly currentTree | +-- path-type@2.0.0
82 silly currentTree | +-- pify@2.3.0
82 silly currentTree | +-- read-pkg-up@2.0.0
82 silly currentTree | +-- read-pkg@2.0.0
82 silly currentTree | `-- strip-bom@3.0.0
82 silly currentTree +-- eslint-plugin-node@7.0.1
82 silly currentTree | `-- semver@5.6.0
82 silly currentTree +-- eslint-plugin-promise@4.0.1
82 silly currentTree +-- eslint-plugin-react@7.11.1
82 silly currentTree +-- eslint-plugin-standard@4.0.0
82 silly currentTree +-- eslint-scope@4.0.0
82 silly currentTree +-- eslint-utils@1.3.1
82 silly currentTree +-- eslint-visitor-keys@1.0.0
82 silly currentTree +-- eslint@5.4.0
82 silly currentTree | +-- ajv@6.6.2
82 silly currentTree | +-- ansi-escapes@3.1.0
82 silly currentTree | +-- ansi-regex@3.0.0
82 silly currentTree | +-- ansi-styles@3.2.1
82 silly currentTree | +-- chalk@2.4.1
82 silly currentTree | +-- debug@3.2.6
82 silly currentTree | +-- inquirer@5.2.0
82 silly currentTree | +-- lodash@4.17.11
82 silly currentTree | +-- ms@2.1.1
82 silly currentTree | +-- semver@5.6.0
82 silly currentTree | +-- strip-ansi@4.0.0
82 silly currentTree | `-- supports-color@5.5.0
82 silly currentTree +-- espree@4.1.0
82 silly currentTree +-- esprima@4.0.1
82 silly currentTree +-- esquery@1.0.1
82 silly currentTree +-- esrecurse@4.2.1
82 silly currentTree +-- estraverse@4.2.0
82 silly currentTree +-- esutils@2.0.2
82 silly currentTree +-- etag@1.8.1
82 silly currentTree +-- event-stream@3.0.20
82 silly currentTree | `-- map-stream@0.0.7
82 silly currentTree +-- expand-brackets@2.1.4
82 silly currentTree | +-- define-property@0.2.5
82 silly currentTree | `-- extend-shallow@2.0.1
82 silly currentTree +-- expand-range@1.8.2
82 silly currentTree | +-- fill-range@2.2.4
82 silly currentTree | +-- is-number@2.1.0
82 silly currentTree | +-- isarray@1.0.0
82 silly currentTree | +-- isobject@2.1.0
82 silly currentTree | `-- kind-of@3.2.2
82 silly currentTree +-- expand-tilde@2.0.2
82 silly currentTree +-- express@4.16.4
82 silly currentTree | `-- qs@6.5.2
82 silly currentTree +-- extend-shallow@3.0.2
82 silly currentTree | `-- is-extendable@1.0.1
82 silly currentTree +-- extend@3.0.2
82 silly currentTree +-- external-editor@2.2.0
82 silly currentTree +-- extglob@2.0.4
82 silly currentTree | +-- define-property@1.0.0
82 silly currentTree | +-- extend-shallow@2.0.1
82 silly currentTree | +-- is-accessor-descriptor@1.0.0
82 silly currentTree | +-- is-data-descriptor@1.0.0
82 silly currentTree | `-- is-descriptor@1.0.2
82 silly currentTree +-- extsprintf@1.3.0
82 silly currentTree +-- fancy-log@1.3.2
82 silly currentTree +-- fast-deep-equal@2.0.1
82 silly currentTree +-- fast-json-stable-stringify@2.0.0
82 silly currentTree +-- fast-levenshtein@2.0.6
82 silly currentTree +-- figures@2.0.0
82 silly currentTree +-- file-entry-cache@2.0.0
82 silly currentTree +-- filename-regex@2.0.1
82 silly currentTree +-- fill-range@4.0.0
82 silly currentTree | `-- extend-shallow@2.0.1
82 silly currentTree +-- finalhandler@1.1.1
82 silly currentTree +-- find-index@0.1.1
82 silly currentTree +-- find-root@1.1.0
82 silly currentTree +-- find-up@1.1.2
82 silly currentTree +-- findup-sync@2.0.0
82 silly currentTree +-- findup@0.1.5
82 silly currentTree | +-- colors@0.6.2
82 silly currentTree | `-- commander@2.1.0
82 silly currentTree +-- fined@1.1.0
82 silly currentTree +-- first-chunk-stream@1.0.0
82 silly currentTree +-- flagged-respawn@1.0.0
82 silly currentTree +-- flat-cache@1.3.4
82 silly currentTree | `-- graceful-fs@4.1.15
82 silly currentTree +-- for-in@1.0.2
82 silly currentTree +-- for-own@1.0.0
82 silly currentTree +-- forever-agent@0.6.1
82 silly currentTree +-- fork-stream@0.0.4
82 silly currentTree +-- form-data@2.1.4
82 silly currentTree +-- forwarded@0.1.2
82 silly currentTree +-- fragment-cache@0.2.1
82 silly currentTree +-- fresh@0.5.2
82 silly currentTree +-- from@0.1.7
82 silly currentTree +-- fs.realpath@1.0.0
82 silly currentTree +-- function-bind@1.1.1
82 silly currentTree +-- functional-red-black-tree@1.0.1
82 silly currentTree +-- gaze@0.5.2
82 silly currentTree +-- get-imports@1.0.0
82 silly currentTree +-- get-stdin@4.0.1
82 silly currentTree +-- get-value@2.0.6
82 silly currentTree +-- getpass@0.1.7
82 silly currentTree | `-- assert-plus@1.0.0
82 silly currentTree +-- glob-base@0.3.0
82 silly currentTree | +-- glob-parent@2.0.0
82 silly currentTree | +-- is-extglob@1.0.0
82 silly currentTree | `-- is-glob@2.0.1
82 silly currentTree +-- glob-parent@3.1.0
82 silly currentTree +-- glob-stream@3.1.18
82 silly currentTree | +-- glob@4.5.3
82 silly currentTree | +-- minimatch@2.0.10
82 silly currentTree | +-- readable-stream@1.0.34
82 silly currentTree | `-- through2@0.6.5
82 silly currentTree +-- glob-watcher@0.0.6
82 silly currentTree +-- glob@7.1.3
82 silly currentTree +-- glob2base@0.0.12
82 silly currentTree +-- global-modules@1.0.0
82 silly currentTree +-- global-prefix@1.0.2
82 silly currentTree +-- globals@11.9.0
82 silly currentTree +-- globby@6.1.0
82 silly currentTree | `-- pify@2.3.0
82 silly currentTree +-- globule@0.1.0
82 silly currentTree | +-- glob@3.1.21
82 silly currentTree | +-- graceful-fs@1.2.3
82 silly currentTree | +-- inherits@1.0.2
82 silly currentTree | `-- minimatch@0.2.14
82 silly currentTree +-- glogg@1.0.1
82 silly currentTree +-- graceful-fs@3.0.11
82 silly currentTree +-- growly@1.3.0
82 silly currentTree +-- gulp-autoprefixer@4.1.0
82 silly currentTree +-- gulp-chmod@2.0.0
82 silly currentTree +-- gulp-clean-css@3.10.0
82 silly currentTree | `-- plugin-error@1.0.1
82 silly currentTree +-- gulp-clone@1.1.4
82 silly currentTree | +-- ansi-regex@0.2.1
82 silly currentTree | +-- ansi-styles@1.1.0
82 silly currentTree | +-- chalk@0.5.1
82 silly currentTree | +-- dateformat@1.0.12
82 silly currentTree | +-- gulp-util@2.2.20
82 silly currentTree | | `-- through2@0.5.1
82 silly currentTree | +-- has-ansi@0.1.0
82 silly currentTree | +-- lodash._reinterpolate@2.4.1
82 silly currentTree | +-- lodash.escape@2.4.1
82 silly currentTree | +-- lodash.keys@2.4.1
82 silly currentTree | +-- lodash.template@2.4.1
82 silly currentTree | +-- lodash.templatesettings@2.4.1
82 silly currentTree | +-- minimist@0.2.0
82 silly currentTree | +-- readable-stream@1.0.34
82 silly currentTree | +-- strip-ansi@0.3.0
82 silly currentTree | +-- supports-color@0.2.0
82 silly currentTree | +-- through2@0.4.2
82 silly currentTree | | `-- xtend@2.1.2
82 silly currentTree | +-- vinyl@0.2.3
82 silly currentTree | `-- xtend@3.0.0
82 silly currentTree +-- gulp-concat-css@2.3.0
82 silly currentTree | +-- lodash.defaults@3.1.2
82 silly currentTree | `-- through2@1.1.1
82 silly currentTree +-- gulp-concat@2.6.1
82 silly currentTree | +-- clone-stats@1.0.0
82 silly currentTree | +-- clone@2.1.2
82 silly currentTree | +-- replace-ext@1.0.0
82 silly currentTree | `-- vinyl@2.2.0
82 silly currentTree +-- gulp-copy@1.0.0
82 silly currentTree +-- gulp-dedupe@0.0.2
82 silly currentTree +-- gulp-flatten@0.3.1
82 silly currentTree +-- gulp-header@1.8.12
82 silly currentTree | +-- lodash.template@4.4.0
82 silly currentTree | `-- lodash.templatesettings@4.1.0
82 silly currentTree +-- gulp-help@1.6.1
82 silly currentTree | `-- object-assign@3.0.0
82 silly currentTree +-- gulp-if@2.0.2
82 silly currentTree +-- gulp-json-editor@2.4.2
82 silly currentTree | `-- plugin-error@1.0.1
82 silly currentTree +-- gulp-less@3.5.0
82 silly currentTree | `-- replace-ext@1.0.0
82 silly currentTree +-- gulp-match@1.0.3
82 silly currentTree +-- gulp-notify@3.2.0
82 silly currentTree | +-- lodash.template@4.4.0
82 silly currentTree | `-- lodash.templatesettings@4.1.0
82 silly currentTree +-- gulp-plumber@1.2.0
82 silly currentTree +-- gulp-print@2.0.1
82 silly currentTree | `-- map-stream@0.0.7
82 silly currentTree +-- gulp-rename@1.4.0
82 silly currentTree +-- gulp-replace@0.6.1
82 silly currentTree | +-- isarray@1.0.0
82 silly currentTree | +-- readable-stream@2.3.6
82 silly currentTree | `-- string_decoder@1.1.1
82 silly currentTree +-- gulp-rtlcss@1.2.0
82 silly currentTree +-- gulp-uglify@3.0.1
82 silly currentTree | +-- commander@2.17.1
82 silly currentTree | +-- lodash@4.17.10
82 silly currentTree | +-- source-map@0.6.1
82 silly currentTree | `-- uglify-js@3.4.9
82 silly currentTree +-- gulp-util@3.0.8
82 silly currentTree | `-- object-assign@3.0.0
82 silly currentTree +-- gulp-watch@4.3.11
82 silly currentTree | +-- isarray@1.0.0
82 silly currentTree | +-- readable-stream@2.3.6
82 silly currentTree | +-- string_decoder@1.1.1
82 silly currentTree | `-- vinyl@1.2.0
82 silly currentTree +-- gulp@3.9.1
82 silly currentTree +-- gulplog@1.0.0
82 silly currentTree +-- har-schema@1.0.5
82 silly currentTree +-- har-validator@4.2.1
82 silly currentTree +-- has-ansi@2.0.0
82 silly currentTree +-- has-flag@3.0.0
82 silly currentTree +-- has-gulplog@0.1.0
82 silly currentTree +-- has-symbols@1.0.0
82 silly currentTree +-- has-value@1.0.0
82 silly currentTree +-- has-values@1.0.0
82 silly currentTree | `-- kind-of@4.0.0
82 silly currentTree +-- has@1.0.3
82 silly currentTree +-- hawk@3.1.3
82 silly currentTree +-- hoek@2.16.3
82 silly currentTree +-- homedir-polyfill@1.0.1
82 silly currentTree +-- hosted-git-info@2.7.1
82 silly currentTree +-- http-errors@1.6.3
82 silly currentTree +-- http-signature@1.1.1
82 silly currentTree +-- iconv-lite@0.4.24
82 silly currentTree +-- ignore@4.0.6
82 silly currentTree +-- image-size@0.5.5
82 silly currentTree +-- import-regex@1.1.0
82 silly currentTree +-- imurmurhash@0.1.4
82 silly currentTree +-- indent-string@2.1.0
82 silly currentTree +-- indx@0.2.3
82 silly currentTree +-- inflight@1.0.6
82 silly currentTree +-- inherits@2.0.3
82 silly currentTree +-- ini@1.3.5
82 silly currentTree +-- inquirer@3.2.3
82 silly currentTree | +-- ansi-regex@3.0.0
82 silly currentTree | +-- ansi-styles@3.2.1
82 silly currentTree | +-- chalk@2.4.1
82 silly currentTree | +-- lodash@4.17.10
82 silly currentTree | +-- strip-ansi@4.0.0
82 silly currentTree | `-- supports-color@5.5.0
82 silly currentTree +-- interpret@1.1.0
82 silly currentTree +-- ip-regex@1.0.3
82 silly currentTree +-- ipaddr.js@1.8.0
82 silly currentTree +-- is-absolute@1.0.0
82 silly currentTree +-- is-accessor-descriptor@0.1.6
82 silly currentTree | `-- kind-of@3.2.2
82 silly currentTree +-- is-arrayish@0.2.1
82 silly currentTree +-- is-binary-path@1.0.1
82 silly currentTree +-- is-buffer@1.1.6
82 silly currentTree +-- is-builtin-module@1.0.0
82 silly currentTree +-- is-callable@1.1.4
82 silly currentTree +-- is-data-descriptor@0.1.4
82 silly currentTree | `-- kind-of@3.2.2
82 silly currentTree +-- is-date-object@1.0.1
82 silly currentTree +-- is-descriptor@0.1.6
82 silly currentTree | `-- kind-of@5.1.0
82 silly currentTree +-- is-dotfile@1.0.3
82 silly currentTree +-- is-equal-shallow@0.1.3
82 silly currentTree +-- is-extendable@0.1.1
82 silly currentTree +-- is-extglob@2.1.1
82 silly currentTree +-- is-finite@1.0.2
82 silly currentTree +-- is-fullwidth-code-point@2.0.0
82 silly currentTree +-- is-glob@3.1.0
82 silly currentTree +-- is-number@3.0.0
82 silly currentTree | `-- kind-of@3.2.2
82 silly currentTree +-- is-obj@1.0.1
82 silly currentTree +-- is-path-cwd@1.0.0
82 silly currentTree +-- is-path-in-cwd@1.0.1
82 silly currentTree +-- is-path-inside@1.0.1
82 silly currentTree +-- is-plain-object@2.0.4
82 silly currentTree +-- is-posix-bracket@0.1.1
82 silly currentTree +-- is-primitive@2.0.0
82 silly currentTree +-- is-promise@2.1.0
82 silly currentTree +-- is-regex@1.0.4
82 silly currentTree +-- is-relative@1.0.0
82 silly currentTree +-- is-resolvable@1.1.0
82 silly currentTree +-- is-symbol@1.0.2
82 silly currentTree +-- is-typedarray@1.0.0
82 silly currentTree +-- is-unc-path@1.0.0
82 silly currentTree +-- is-utf8@0.2.1
82 silly currentTree +-- is-windows@1.0.2
82 silly currentTree +-- is@3.2.1
82 silly currentTree +-- isarray@0.0.1
82 silly currentTree +-- isexe@2.0.0
82 silly currentTree +-- isobject@3.0.1
82 silly currentTree +-- isstream@0.1.2
82 silly currentTree +-- istextorbinary@1.0.2
82 silly currentTree +-- jquery@3.3.1
82 silly currentTree +-- js-beautify@1.8.4
82 silly currentTree +-- js-tokens@3.0.2
82 silly currentTree +-- js-yaml@3.12.0
82 silly currentTree +-- jsbn@0.1.1
82 silly currentTree +-- json-parse-better-errors@1.0.2
82 silly currentTree +-- json-schema-traverse@0.4.1
82 silly currentTree +-- json-schema@0.2.3
82 silly currentTree +-- json-stable-stringify-without-jsonify@1.0.1
82 silly currentTree +-- json-stable-stringify@1.0.1
82 silly currentTree +-- json-stringify-safe@5.0.1
82 silly currentTree +-- jsonify@0.0.0
82 silly currentTree +-- jsprim@1.4.1
82 silly currentTree | `-- assert-plus@1.0.0
82 silly currentTree +-- jsx-ast-utils@2.0.1
82 silly currentTree +-- kind-of@6.0.2
82 silly currentTree +-- lazy-cache@1.0.4
82 silly currentTree +-- less@2.7.3
82 silly currentTree | `-- graceful-fs@4.1.11
82 silly currentTree +-- levn@0.3.0
82 silly currentTree +-- liftoff@2.5.0
82 silly currentTree +-- load-json-file@1.1.0
82 silly currentTree | +-- graceful-fs@4.1.11
82 silly currentTree | +-- pify@2.3.0
82 silly currentTree | `-- strip-bom@2.0.0
82 silly currentTree +-- locate-path@2.0.0
82 silly currentTree | `-- path-exists@3.0.0
82 silly currentTree +-- lodash._baseassign@3.2.0
82 silly currentTree +-- lodash._basecopy@3.0.1
82 silly currentTree +-- lodash._basetostring@3.0.1
82 silly currentTree +-- lodash._basevalues@3.0.0
82 silly currentTree +-- lodash._bindcallback@3.0.1
82 silly currentTree +-- lodash._createassigner@3.1.1
82 silly currentTree +-- lodash._escapehtmlchar@2.4.1
82 silly currentTree +-- lodash._escapestringchar@2.4.1
82 silly currentTree +-- lodash._getnative@3.9.1
82 silly currentTree +-- lodash._htmlescapes@2.4.1
82 silly currentTree +-- lodash._isiterateecall@3.0.9
82 silly currentTree +-- lodash._isnative@2.4.1
82 silly currentTree +-- lodash._objecttypes@2.4.1
82 silly currentTree +-- lodash._reescape@3.0.0
82 silly currentTree +-- lodash._reevaluate@3.0.0
82 silly currentTree +-- lodash._reinterpolate@3.0.0
82 silly currentTree +-- lodash._reunescapedhtml@2.4.1
82 silly currentTree | `-- lodash.keys@2.4.1
82 silly currentTree +-- lodash._root@3.0.1
82 silly currentTree +-- lodash._shimkeys@2.4.1
82 silly currentTree +-- lodash.assign@3.2.0
82 silly currentTree +-- lodash.clone@4.5.0
82 silly currentTree +-- lodash.defaults@2.4.1
82 silly currentTree | `-- lodash.keys@2.4.1
82 silly currentTree +-- lodash.escape@3.2.0
82 silly currentTree +-- lodash.flatten@4.4.0
82 silly currentTree +-- lodash.isarguments@3.1.0
82 silly currentTree +-- lodash.isarray@3.0.4
82 silly currentTree +-- lodash.isobject@2.4.1
82 silly currentTree +-- lodash.keys@3.1.2
82 silly currentTree +-- lodash.merge@4.6.1
82 silly currentTree +-- lodash.partialright@4.2.1
82 silly currentTree +-- lodash.pick@4.4.0
82 silly currentTree +-- lodash.restparam@3.6.1
82 silly currentTree +-- lodash.template@3.6.2
82 silly currentTree +-- lodash.templatesettings@3.1.1
82 silly currentTree +-- lodash.uniq@4.5.0
82 silly currentTree +-- lodash.values@2.4.1
82 silly currentTree | `-- lodash.keys@2.4.1
82 silly currentTree +-- lodash@1.0.2
82 silly currentTree +-- longest@1.0.1
82 silly currentTree +-- loose-envify@1.4.0
82 silly currentTree +-- loud-rejection@1.6.0
82 silly currentTree +-- lru-cache@2.7.3
82 silly currentTree +-- make-error-cause@1.2.2
82 silly currentTree +-- make-error@1.3.5
82 silly currentTree +-- make-iterator@1.0.1
82 silly currentTree +-- map-cache@0.2.2
82 silly currentTree +-- map-obj@1.0.1
82 silly currentTree +-- map-stream@0.1.0
82 silly currentTree +-- map-visit@1.0.0
82 silly currentTree +-- math-random@1.0.1
82 silly currentTree +-- media-typer@0.3.0
82 silly currentTree +-- memory-pager@1.4.0
82 silly currentTree +-- meow@3.7.0
82 silly currentTree +-- merge-descriptors@1.0.1
82 silly currentTree +-- merge-stream@1.0.1
82 silly currentTree | +-- isarray@1.0.0
82 silly currentTree | +-- readable-stream@2.3.6
82 silly currentTree | `-- string_decoder@1.1.1
82 silly currentTree +-- methods@1.1.2
82 silly currentTree +-- micromatch@3.1.10
82 silly currentTree +-- mime-db@1.36.0
82 silly currentTree +-- mime-types@2.1.20
82 silly currentTree +-- mime@1.6.0
82 silly currentTree +-- mimic-fn@1.2.0
82 silly currentTree +-- minimatch@3.0.4
82 silly currentTree +-- minimist@1.2.0
82 silly currentTree +-- mixin-deep@1.3.1
82 silly currentTree | `-- is-extendable@1.0.1
82 silly currentTree +-- mkdirp@0.5.1
82 silly currentTree | `-- minimist@0.0.8
82 silly currentTree +-- mongodb-core@3.1.9
82 silly currentTree +-- mongodb@3.1.10
82 silly currentTree +-- ms@2.0.0
82 silly currentTree +-- multipipe@0.1.2
82 silly currentTree +-- mute-stream@0.0.7
82 silly currentTree +-- nanomatch@1.2.13
82 silly currentTree +-- natives@1.1.4
82 silly currentTree +-- natural-compare@1.4.0
82 silly currentTree +-- negotiator@0.6.1
82 silly currentTree +-- nice-try@1.0.5
82 silly currentTree +-- node-notifier@5.2.1
82 silly currentTree | `-- semver@5.5.1
82 silly currentTree +-- node.extend@2.0.0
82 silly currentTree +-- nopt@4.0.1
82 silly currentTree +-- normalize-package-data@2.4.0
82 silly currentTree +-- normalize-path@2.1.1
82 silly currentTree +-- normalize-range@0.1.2
82 silly currentTree +-- num2fraction@1.2.2
82 silly currentTree +-- number-is-nan@1.0.1
82 silly currentTree +-- oauth-sign@0.8.2
82 silly currentTree +-- object-assign@4.1.1
82 silly currentTree +-- object-copy@0.1.0
82 silly currentTree | +-- define-property@0.2.5
82 silly currentTree | `-- kind-of@3.2.2
82 silly currentTree +-- object-keys@0.4.0
82 silly currentTree +-- object-visit@1.0.1
82 silly currentTree +-- object.defaults@1.1.0
82 silly currentTree +-- object.map@1.0.1
82 silly currentTree +-- object.omit@2.0.1
82 silly currentTree | `-- for-own@0.1.5
82 silly currentTree +-- object.pick@1.3.0
82 silly currentTree +-- on-finished@2.3.0
82 silly currentTree +-- once@1.4.0
82 silly currentTree +-- onetime@2.0.1
82 silly currentTree +-- optionator@0.8.2
82 silly currentTree | `-- wordwrap@1.0.0
82 silly currentTree +-- orchestrator@0.3.8
82 silly currentTree +-- ordered-read-streams@0.1.0
82 silly currentTree +-- os-homedir@1.0.2
82 silly currentTree +-- os-tmpdir@1.0.2
82 silly currentTree +-- osenv@0.1.5
82 silly currentTree +-- p-limit@1.3.0
82 silly currentTree +-- p-locate@2.0.0
82 silly currentTree +-- p-map@1.2.0
82 silly currentTree +-- p-try@1.0.0
82 silly currentTree +-- parse-filepath@1.0.2
82 silly currentTree +-- parse-glob@3.0.4
82 silly currentTree | +-- is-extglob@1.0.0
82 silly currentTree | `-- is-glob@2.0.1
82 silly currentTree +-- parse-import@2.0.0
82 silly currentTree +-- parse-json@2.2.0
82 silly currentTree +-- parse-passwd@1.0.0
82 silly currentTree +-- parseurl@1.3.2
82 silly currentTree +-- pascalcase@0.1.1
82 silly currentTree +-- path-dirname@1.0.2
82 silly currentTree +-- path-exists@2.1.0
82 silly currentTree +-- path-is-absolute@1.0.1
82 silly currentTree +-- path-is-inside@1.0.2
82 silly currentTree +-- path-key@2.0.1
82 silly currentTree +-- path-parse@1.0.6
82 silly currentTree +-- path-root-regex@0.1.2
82 silly currentTree +-- path-root@0.1.1
82 silly currentTree +-- path-to-regexp@0.1.7
82 silly currentTree +-- path-type@1.1.0
82 silly currentTree | +-- graceful-fs@4.1.11
82 silly currentTree | `-- pify@2.3.0
82 silly currentTree +-- pause-stream@0.0.11
82 silly currentTree +-- performance-now@0.2.0
82 silly currentTree +-- pify@3.0.0
82 silly currentTree +-- pinkie-promise@2.0.1
82 silly currentTree +-- pinkie@2.0.4
82 silly currentTree +-- pkg-conf@2.1.0
82 silly currentTree | +-- find-up@2.1.0
82 silly currentTree | +-- graceful-fs@4.1.15
82 silly currentTree | +-- load-json-file@4.0.0
82 silly currentTree | +-- parse-json@4.0.0
82 silly currentTree | `-- strip-bom@3.0.0
82 silly currentTree +-- pkg-config@1.1.1
82 silly currentTree +-- pkg-dir@1.0.0
82 silly currentTree +-- plugin-error@0.1.2
82 silly currentTree | +-- arr-diff@1.1.0
82 silly currentTree | +-- arr-union@2.1.0
82 silly currentTree | +-- array-slice@0.2.3
82 silly currentTree | +-- extend-shallow@1.1.4
82 silly currentTree | `-- kind-of@1.1.0
82 silly currentTree +-- pluralize@7.0.0
82 silly currentTree +-- posix-character-classes@0.1.1
82 silly currentTree +-- postcss-value-parser@3.3.0
82 silly currentTree +-- postcss@6.0.23
82 silly currentTree | +-- ansi-styles@3.2.1
82 silly currentTree | +-- chalk@2.4.1
82 silly currentTree | +-- source-map@0.6.1
82 silly currentTree | `-- supports-color@5.5.0
82 silly currentTree +-- prelude-ls@1.1.2
82 silly currentTree +-- preserve@0.2.0
82 silly currentTree +-- pretty-hrtime@1.0.3
82 silly currentTree +-- process-nextick-args@2.0.0
82 silly currentTree +-- progress@2.0.3
82 silly currentTree +-- promise@7.3.1
82 silly currentTree +-- prompt-sui@3.2.1
82 silly currentTree +-- prop-types@15.6.2
82 silly currentTree +-- proto-list@1.2.4
82 silly currentTree +-- proxy-addr@2.0.4
82 silly currentTree +-- prr@1.0.1
82 silly currentTree +-- pseudomap@1.0.2
82 silly currentTree +-- punycode@1.4.1
82 silly currentTree +-- qs@6.4.0
82 silly currentTree +-- randomatic@3.1.0
82 silly currentTree | `-- is-number@4.0.0
82 silly currentTree +-- range-parser@1.2.0
82 silly currentTree +-- raw-body@2.3.3
82 silly currentTree | `-- iconv-lite@0.4.23
82 silly currentTree +-- read-pkg-up@1.0.1
82 silly currentTree +-- read-pkg@1.1.0
82 silly currentTree +-- readable-stream@1.1.14
82 silly currentTree +-- readdirp@2.1.0
82 silly currentTree | +-- graceful-fs@4.1.11
82 silly currentTree | +-- isarray@1.0.0
82 silly currentTree | +-- readable-stream@2.3.6
82 silly currentTree | `-- string_decoder@1.1.1
82 silly currentTree +-- readline-sync@1.4.9
82 silly currentTree +-- rechoir@0.6.2
82 silly currentTree +-- redent@1.0.0
82 silly currentTree +-- regex-cache@0.4.4
82 silly currentTree +-- regex-not@1.0.2
82 silly currentTree +-- regexpp@2.0.1
82 silly currentTree +-- remove-trailing-separator@1.1.0
82 silly currentTree +-- repeat-element@1.1.3
82 silly currentTree +-- repeat-string@1.6.1
82 silly currentTree +-- repeating@2.0.1
82 silly currentTree +-- replace-ext@0.0.1
82 silly currentTree +-- replacestream@4.0.3
82 silly currentTree | +-- isarray@1.0.0
82 silly currentTree | +-- readable-stream@2.3.6
82 silly currentTree | `-- string_decoder@1.1.1
82 silly currentTree +-- request@2.81.0
82 silly currentTree +-- require_optional@1.0.1
82 silly currentTree | +-- resolve-from@2.0.0
82 silly currentTree | `-- semver@5.6.0
82 silly currentTree +-- require-dot-file@0.4.0
82 silly currentTree +-- require-uncached@1.0.3
82 silly currentTree +-- resolve-dir@1.0.1
82 silly currentTree +-- resolve-from@1.0.1
82 silly currentTree +-- resolve-url@0.2.1
82 silly currentTree +-- resolve@1.8.1
82 silly currentTree +-- restore-cursor@2.0.0
82 silly currentTree +-- ret@0.1.15
82 silly currentTree +-- rework-import@2.1.0
82 silly currentTree | +-- glob@5.0.15
82 silly currentTree | +-- globby@2.1.0
82 silly currentTree | `-- object-assign@3.0.0
82 silly currentTree +-- rework-plugin-function@1.0.2
82 silly currentTree +-- rework-plugin-url@1.1.0
82 silly currentTree +-- rework-visit@1.0.0
82 silly currentTree +-- rework@1.0.1
82 silly currentTree +-- right-align@0.1.3
82 silly currentTree +-- rimraf@2.6.2
82 silly currentTree +-- rtlcss@2.4.0
82 silly currentTree | +-- ansi-styles@3.2.1
82 silly currentTree | +-- chalk@2.4.1
82 silly currentTree | `-- supports-color@5.5.0
82 silly currentTree +-- run-async@2.3.0
82 silly currentTree +-- run-parallel@1.1.9
82 silly currentTree +-- run-sequence@2.2.1
82 silly currentTree +-- rx-lite-aggregates@4.0.8
82 silly currentTree +-- rx-lite@4.0.8
82 silly currentTree +-- rxjs@5.5.12
82 silly currentTree +-- safe-buffer@5.1.2
82 silly currentTree +-- safe-regex@1.1.0
82 silly currentTree +-- safer-buffer@2.1.2
82 silly currentTree +-- saslprep@1.0.2
82 silly currentTree +-- semantic-ui@2.3.3
82 silly currentTree +-- semver@4.3.6
82 silly currentTree +-- send@0.16.2
82 silly currentTree | `-- mime@1.4.1
82 silly currentTree +-- sequencify@0.0.7
82 silly currentTree +-- serve-static@1.13.2
82 silly currentTree +-- set-immediate-shim@1.0.1
82 silly currentTree +-- set-value@2.0.0
82 silly currentTree | `-- extend-shallow@2.0.1
82 silly currentTree +-- setprototypeof@1.1.0
82 silly currentTree +-- shebang-command@1.2.0
82 silly currentTree +-- shebang-regex@1.0.0
82 silly currentTree +-- shellwords@0.1.1
82 silly currentTree +-- sigmund@1.0.1
82 silly currentTree +-- signal-exit@3.0.2
82 silly currentTree +-- slash@1.0.0
82 silly currentTree +-- slice-ansi@1.0.0
82 silly currentTree +-- snapdragon-node@2.1.1
82 silly currentTree | +-- define-property@1.0.0
82 silly currentTree | +-- is-accessor-descriptor@1.0.0
82 silly currentTree | +-- is-data-descriptor@1.0.0
82 silly currentTree | `-- is-descriptor@1.0.2
82 silly currentTree +-- snapdragon-util@3.0.1
82 silly currentTree | `-- kind-of@3.2.2
82 silly currentTree +-- snapdragon@0.8.2
82 silly currentTree | +-- define-property@0.2.5
82 silly currentTree | `-- extend-shallow@2.0.1
82 silly currentTree +-- sntp@1.0.9
82 silly currentTree +-- source-map-resolve@0.5.2
82 silly currentTree +-- source-map-url@0.4.0
82 silly currentTree +-- source-map@0.5.7
82 silly currentTree +-- sparkles@1.0.1
82 silly currentTree +-- sparse-bitfield@3.0.3
82 silly currentTree +-- spdx-correct@3.0.0
82 silly currentTree +-- spdx-exceptions@2.1.0
82 silly currentTree +-- spdx-expression-parse@3.0.0
82 silly currentTree +-- spdx-license-ids@3.0.1
82 silly currentTree +-- split-string@3.1.0
82 silly currentTree +-- split@0.2.10
82 silly currentTree +-- sprintf-js@1.0.3
82 silly currentTree +-- sshpk@1.14.2
82 silly currentTree | `-- assert-plus@1.0.0
82 silly currentTree +-- standard-engine@9.0.0
82 silly currentTree | `-- get-stdin@6.0.0
82 silly currentTree +-- standard@12.0.1
82 silly currentTree +-- stat-mode@0.2.2
82 silly currentTree +-- static-extend@0.1.2
82 silly currentTree | `-- define-property@0.2.5
82 silly currentTree +-- statuses@1.4.0
82 silly currentTree +-- stream-combiner@0.0.4
82 silly currentTree +-- stream-consume@0.1.1
82 silly currentTree +-- stream-shift@1.0.0
82 silly currentTree +-- string_decoder@0.10.31
82 silly currentTree +-- string-width@2.1.1
82 silly currentTree | +-- ansi-regex@3.0.0
82 silly currentTree | `-- strip-ansi@4.0.0
82 silly currentTree +-- stringstream@0.0.6
82 silly currentTree +-- strip-ansi@3.0.1
82 silly currentTree +-- strip-bom-stream@2.0.0
82 silly currentTree | +-- first-chunk-stream@2.0.0
82 silly currentTree | +-- isarray@1.0.0
82 silly currentTree | +-- readable-stream@2.3.6
82 silly currentTree | +-- string_decoder@1.1.1
82 silly currentTree | `-- strip-bom@2.0.0
82 silly currentTree +-- strip-bom@1.0.0
82 silly currentTree +-- strip-indent@1.0.1
82 silly currentTree +-- strip-json-comments@2.0.1
82 silly currentTree +-- supports-color@2.0.0
82 silly currentTree +-- symbol-observable@1.0.1
82 silly currentTree +-- table@4.0.3
82 silly currentTree | +-- ajv@6.6.2
82 silly currentTree | +-- ansi-styles@3.2.1
82 silly currentTree | +-- chalk@2.4.1
82 silly currentTree | +-- lodash@4.17.11
82 silly currentTree | `-- supports-color@5.5.0
82 silly currentTree +-- ternary-stream@2.0.1
82 silly currentTree +-- text-table@0.2.0
82 silly currentTree +-- textextensions@1.0.2
82 silly currentTree +-- through@2.3.8
82 silly currentTree +-- through2@2.0.3
82 silly currentTree | +-- isarray@1.0.0
82 silly currentTree | +-- readable-stream@2.3.6
82 silly currentTree | `-- string_decoder@1.1.1
82 silly currentTree +-- tildify@1.2.0
82 silly currentTree +-- time-stamp@1.1.0
82 silly currentTree +-- tmp@0.0.33
82 silly currentTree +-- to-object-path@0.3.0
82 silly currentTree | `-- kind-of@3.2.2
82 silly currentTree +-- to-regex-range@2.1.1
82 silly currentTree +-- to-regex@3.0.2
82 silly currentTree +-- tough-cookie@2.3.4
82 silly currentTree +-- trim-newlines@1.0.0
82 silly currentTree +-- tunnel-agent@0.6.0
82 silly currentTree +-- tweetnacl@0.14.5
82 silly currentTree +-- type-check@0.3.2
82 silly currentTree +-- type-is@1.6.16
82 silly currentTree +-- uglify-js@2.8.29
82 silly currentTree +-- uglify-to-browserify@1.0.2
82 silly currentTree +-- unc-path-regex@0.1.2
82 silly currentTree +-- union-value@1.0.0
82 silly currentTree | +-- extend-shallow@2.0.1
82 silly currentTree | `-- set-value@0.4.3
82 silly currentTree +-- uniq@1.0.1
82 silly currentTree +-- unique-stream@1.0.0
82 silly currentTree +-- unpipe@1.0.0
82 silly currentTree +-- unset-value@1.0.0
82 silly currentTree | +-- has-value@0.3.1
82 silly currentTree | | `-- isobject@2.1.0
82 silly currentTree | +-- has-values@0.1.4
82 silly currentTree | `-- isarray@1.0.0
82 silly currentTree +-- uri-js@4.2.2
82 silly currentTree | `-- punycode@2.1.1
82 silly currentTree +-- urix@0.1.0
82 silly currentTree +-- url-regex@3.2.0
82 silly currentTree +-- use@3.1.1
82 silly currentTree +-- user-home@1.1.1
82 silly currentTree +-- util-deprecate@1.0.2
82 silly currentTree +-- utils-merge@1.0.1
82 silly currentTree +-- uuid@3.3.2
82 silly currentTree +-- v8flags@2.1.1
82 silly currentTree +-- validate-npm-package-license@3.0.4
82 silly currentTree +-- vary@1.1.2
82 silly currentTree +-- verror@1.10.0
82 silly currentTree | `-- assert-plus@1.0.0
82 silly currentTree +-- vinyl-file@2.0.0
82 silly currentTree | +-- graceful-fs@4.1.11
82 silly currentTree | +-- pify@2.3.0
82 silly currentTree | +-- strip-bom@2.0.0
82 silly currentTree | `-- vinyl@1.2.0
82 silly currentTree +-- vinyl-fs@0.3.14
82 silly currentTree | +-- clone@0.2.0
82 silly currentTree | +-- readable-stream@1.0.34
82 silly currentTree | +-- through2@0.6.5
82 silly currentTree | `-- vinyl@0.4.6
82 silly currentTree +-- vinyl-sourcemaps-apply@0.2.1
82 silly currentTree +-- vinyl@0.5.3
82 silly currentTree +-- when@3.7.8
82 silly currentTree +-- which@1.3.1
82 silly currentTree +-- window-size@0.1.0
82 silly currentTree +-- wordwrap@0.0.2
82 silly currentTree +-- wrappy@1.0.2
82 silly currentTree +-- wrench-sui@0.0.3
82 silly currentTree +-- write@0.2.1
82 silly currentTree +-- xtend@4.0.1
82 silly currentTree +-- yallist@2.1.2
82 silly currentTree +-- yamljs@0.3.0
82 silly currentTree `-- yargs@3.10.0
82 silly currentTree   `-- camelcase@1.2.1
83 silly idealTree harish
83 silly idealTree +-- @types/commander@2.12.2
83 silly idealTree +-- @types/semver@5.5.0
83 silly idealTree +-- abbrev@1.1.1
83 silly idealTree +-- accepts@1.3.5
83 silly idealTree +-- accord@0.28.0
83 silly idealTree | +-- convert-source-map@1.6.0
83 silly idealTree | +-- lodash.defaults@4.2.0
83 silly idealTree | `-- semver@5.5.1
83 silly idealTree +-- acorn-jsx@5.0.1
83 silly idealTree +-- acorn@6.0.4
83 silly idealTree +-- ajv-keywords@3.2.0
83 silly idealTree +-- ajv@4.11.8
83 silly idealTree +-- align-text@0.1.4
83 silly idealTree | `-- kind-of@3.2.2
83 silly idealTree +-- ansi-colors@1.1.0
83 silly idealTree +-- ansi-cyan@0.1.1
83 silly idealTree +-- ansi-escapes@2.0.0
83 silly idealTree +-- ansi-gray@0.1.1
83 silly idealTree +-- ansi-red@0.1.1
83 silly idealTree +-- ansi-regex@2.1.1
83 silly idealTree +-- ansi-styles@2.2.1
83 silly idealTree +-- ansi-wrap@0.1.0
83 silly idealTree +-- anymatch@1.3.2
83 silly idealTree | +-- arr-diff@2.0.0
83 silly idealTree | +-- array-unique@0.2.1
83 silly idealTree | +-- braces@1.8.5
83 silly idealTree | +-- expand-brackets@0.1.5
83 silly idealTree | +-- extglob@0.3.2
83 silly idealTree | +-- is-extglob@1.0.0
83 silly idealTree | +-- is-glob@2.0.1
83 silly idealTree | +-- kind-of@3.2.2
83 silly idealTree | `-- micromatch@2.3.11
83 silly idealTree +-- archy@1.0.0
83 silly idealTree +-- argparse@1.0.10
83 silly idealTree +-- arr-diff@4.0.0
83 silly idealTree +-- arr-flatten@1.1.0
83 silly idealTree +-- arr-union@3.1.0
83 silly idealTree +-- array-differ@1.0.0
83 silly idealTree +-- array-each@1.0.1
83 silly idealTree +-- array-find-index@1.0.2
83 silly idealTree +-- array-flatten@1.1.1
83 silly idealTree +-- array-includes@3.0.3
83 silly idealTree +-- array-slice@1.1.0
83 silly idealTree +-- array-union@1.0.2
83 silly idealTree +-- array-uniq@1.0.3
83 silly idealTree +-- array-unique@0.3.2
83 silly idealTree +-- asap@2.0.6
83 silly idealTree +-- asn1@0.2.4
83 silly idealTree +-- assert-plus@0.2.0
83 silly idealTree +-- assign-symbols@1.0.0
83 silly idealTree +-- async-each@1.0.1
83 silly idealTree +-- async@1.5.2
83 silly idealTree +-- asynckit@0.4.0
83 silly idealTree +-- atob@2.1.2
83 silly idealTree +-- autoprefixer@7.2.6
83 silly idealTree +-- aws-sign2@0.6.0
83 silly idealTree +-- aws4@1.8.0
83 silly idealTree +-- babel-code-frame@6.26.0
83 silly idealTree +-- balanced-match@1.0.0
83 silly idealTree +-- base@0.11.2
83 silly idealTree | +-- define-property@1.0.0
83 silly idealTree | +-- is-accessor-descriptor@1.0.0
83 silly idealTree | +-- is-data-descriptor@1.0.0
83 silly idealTree | `-- is-descriptor@1.0.2
83 silly idealTree +-- bcrypt-pbkdf@1.0.2
83 silly idealTree +-- beeper@1.1.1
83 silly idealTree +-- better-console@1.0.1
83 silly idealTree +-- binary-extensions@1.11.0
83 silly idealTree +-- binaryextensions@1.0.1
83 silly idealTree +-- body-parser@1.18.3
83 silly idealTree | +-- iconv-lite@0.4.23
83 silly idealTree | `-- qs@6.5.2
83 silly idealTree +-- boom@2.10.1
83 silly idealTree +-- brace-expansion@1.1.11
83 silly idealTree +-- braces@2.3.2
83 silly idealTree | `-- extend-shallow@2.0.1
83 silly idealTree +-- browserslist@2.11.3
83 silly idealTree +-- bson@1.1.0
83 silly idealTree +-- builtin-modules@1.1.1
83 silly idealTree +-- bytes@3.0.0
83 silly idealTree +-- cache-base@1.0.1
83 silly idealTree +-- caller-path@0.1.0
83 silly idealTree +-- callsites@0.2.0
83 silly idealTree +-- camelcase-keys@2.1.0
83 silly idealTree +-- camelcase@2.1.1
83 silly idealTree +-- caniuse-lite@1.0.30000885
83 silly idealTree +-- caseless@0.12.0
83 silly idealTree +-- center-align@0.1.3
83 silly idealTree +-- chalk@1.1.3
83 silly idealTree +-- chardet@0.4.2
83 silly idealTree +-- chokidar@1.7.0
83 silly idealTree | +-- glob-parent@2.0.0
83 silly idealTree | +-- is-extglob@1.0.0
83 silly idealTree | `-- is-glob@2.0.1
83 silly idealTree +-- circular-json@0.3.3
83 silly idealTree +-- class-utils@0.3.6
83 silly idealTree | `-- define-property@0.2.5
83 silly idealTree +-- clean-css@4.2.1
83 silly idealTree | `-- source-map@0.6.1
83 silly idealTree +-- cli-cursor@2.1.0
83 silly idealTree +-- cli-table@0.3.1
83 silly idealTree +-- cli-width@2.2.0
83 silly idealTree +-- cliui@2.1.0
83 silly idealTree +-- clone-buffer@1.0.0
83 silly idealTree +-- clone-stats@0.0.1
83 silly idealTree +-- clone@1.0.4
83 silly idealTree +-- cloneable-readable@1.1.2
83 silly idealTree | +-- isarray@1.0.0
83 silly idealTree | +-- readable-stream@2.3.6
83 silly idealTree | `-- string_decoder@1.1.1
83 silly idealTree +-- co@4.6.0
83 silly idealTree +-- collection-visit@1.0.0
83 silly idealTree +-- color-convert@1.9.3
83 silly idealTree +-- color-name@1.1.3
83 silly idealTree +-- color-support@1.1.3
83 silly idealTree +-- colors@1.0.3
83 silly idealTree +-- combined-stream@1.0.6
83 silly idealTree +-- commander@2.18.0
83 silly idealTree +-- component-emitter@1.2.1
83 silly idealTree +-- concat-map@0.0.1
83 silly idealTree +-- concat-with-sourcemaps@1.1.0
83 silly idealTree | `-- source-map@0.6.1
83 silly idealTree +-- config-chain@1.1.11
83 silly idealTree +-- contains-path@0.1.0
83 silly idealTree +-- content-disposition@0.5.2
83 silly idealTree +-- content-type@1.0.4
83 silly idealTree +-- convert-source-map@0.3.5
83 silly idealTree +-- cookie-signature@1.0.6
83 silly idealTree +-- cookie@0.3.1
83 silly idealTree +-- copy-descriptor@0.1.1
83 silly idealTree +-- core-util-is@1.0.2
83 silly idealTree +-- cross-spawn@6.0.5
83 silly idealTree | `-- semver@5.6.0
83 silly idealTree +-- cryptiles@2.0.5
83 silly idealTree +-- css@2.2.4
83 silly idealTree | `-- source-map@0.6.1
83 silly idealTree +-- currently-unhandled@0.4.1
83 silly idealTree +-- dashdash@1.14.1
83 silly idealTree | `-- assert-plus@1.0.0
83 silly idealTree +-- dateformat@2.2.0
83 silly idealTree +-- debug-log@1.0.1
83 silly idealTree +-- debug@2.6.9
83 silly idealTree +-- decamelize@1.2.0
83 silly idealTree +-- decode-uri-component@0.2.0
83 silly idealTree +-- deep-assign@1.0.0
83 silly idealTree +-- deep-is@0.1.3
83 silly idealTree +-- deepmerge@2.1.1
83 silly idealTree +-- defaults@1.0.3
83 silly idealTree +-- define-properties@1.1.3
83 silly idealTree | `-- object-keys@1.0.12
83 silly idealTree +-- define-property@2.0.2
83 silly idealTree | +-- is-accessor-descriptor@1.0.0
83 silly idealTree | +-- is-data-descriptor@1.0.0
83 silly idealTree | `-- is-descriptor@1.0.2
83 silly idealTree +-- deglob@2.1.1
83 silly idealTree | `-- ignore@3.3.10
83 silly idealTree +-- del@3.0.0
83 silly idealTree +-- delayed-stream@1.0.0
83 silly idealTree +-- depd@1.1.2
83 silly idealTree +-- deprecated@0.0.1
83 silly idealTree +-- destroy@1.0.4
83 silly idealTree +-- detect-file@1.0.0
83 silly idealTree +-- detect-indent@5.0.0
83 silly idealTree +-- diff@1.0.8
83 silly idealTree +-- doctrine@2.1.0
83 silly idealTree +-- duplexer@0.1.1
83 silly idealTree +-- duplexer2@0.0.2
83 silly idealTree +-- duplexify@3.6.0
83 silly idealTree | +-- end-of-stream@1.4.1
83 silly idealTree | +-- isarray@1.0.0
83 silly idealTree | +-- readable-stream@2.3.6
83 silly idealTree | `-- string_decoder@1.1.1
83 silly idealTree +-- ecc-jsbn@0.1.2
83 silly idealTree +-- editorconfig@0.15.0
83 silly idealTree | +-- lru-cache@4.1.3
83 silly idealTree | `-- semver@5.5.1
83 silly idealTree +-- ee-first@1.1.1
83 silly idealTree +-- electron-to-chromium@1.3.64
83 silly idealTree +-- encodeurl@1.0.2
83 silly idealTree +-- end-of-stream@0.1.5
83 silly idealTree | `-- once@1.3.3
83 silly idealTree +-- errno@0.1.7
83 silly idealTree +-- error-ex@1.3.2
83 silly idealTree +-- es-abstract@1.12.0
83 silly idealTree +-- es-to-primitive@1.2.0
83 silly idealTree +-- escape-html@1.0.3
83 silly idealTree +-- escape-string-regexp@1.0.5
83 silly idealTree +-- eslint-config-standard-jsx@6.0.2
83 silly idealTree +-- eslint-config-standard@12.0.0
83 silly idealTree +-- eslint-import-resolver-node@0.3.2
83 silly idealTree +-- eslint-module-utils@2.2.0
83 silly idealTree +-- eslint-plugin-es@1.4.0
83 silly idealTree +-- eslint-plugin-import@2.14.0
83 silly idealTree | +-- doctrine@1.5.0
83 silly idealTree | +-- find-up@2.1.0
83 silly idealTree | +-- graceful-fs@4.1.15
83 silly idealTree | +-- isarray@1.0.0
83 silly idealTree | +-- load-json-file@2.0.0
83 silly idealTree | +-- lodash@4.17.11
83 silly idealTree | +-- path-type@2.0.0
83 silly idealTree | +-- pify@2.3.0
83 silly idealTree | +-- read-pkg-up@2.0.0
83 silly idealTree | +-- read-pkg@2.0.0
83 silly idealTree | `-- strip-bom@3.0.0
83 silly idealTree +-- eslint-plugin-node@7.0.1
83 silly idealTree | `-- semver@5.6.0
83 silly idealTree +-- eslint-plugin-promise@4.0.1
83 silly idealTree +-- eslint-plugin-react@7.11.1
83 silly idealTree +-- eslint-plugin-standard@4.0.0
83 silly idealTree +-- eslint-scope@4.0.0
83 silly idealTree +-- eslint-utils@1.3.1
83 silly idealTree +-- eslint-visitor-keys@1.0.0
83 silly idealTree +-- eslint@5.4.0
83 silly idealTree | +-- ajv@6.6.2
83 silly idealTree | +-- ansi-escapes@3.1.0
83 silly idealTree | +-- ansi-regex@3.0.0
83 silly idealTree | +-- ansi-styles@3.2.1
83 silly idealTree | +-- chalk@2.4.1
83 silly idealTree | +-- debug@3.2.6
83 silly idealTree | +-- inquirer@5.2.0
83 silly idealTree | +-- lodash@4.17.11
83 silly idealTree | +-- ms@2.1.1
83 silly idealTree | +-- semver@5.6.0
83 silly idealTree | +-- strip-ansi@4.0.0
83 silly idealTree | `-- supports-color@5.5.0
83 silly idealTree +-- espree@4.1.0
83 silly idealTree +-- esprima@4.0.1
83 silly idealTree +-- esquery@1.0.1
83 silly idealTree +-- esrecurse@4.2.1
83 silly idealTree +-- estraverse@4.2.0
83 silly idealTree +-- esutils@2.0.2
83 silly idealTree +-- etag@1.8.1
83 silly idealTree +-- event-stream@3.0.20
83 silly idealTree | `-- map-stream@0.0.7
83 silly idealTree +-- expand-brackets@2.1.4
83 silly idealTree | +-- define-property@0.2.5
83 silly idealTree | `-- extend-shallow@2.0.1
83 silly idealTree +-- expand-range@1.8.2
83 silly idealTree | +-- fill-range@2.2.4
83 silly idealTree | +-- is-number@2.1.0
83 silly idealTree | +-- isarray@1.0.0
83 silly idealTree | +-- isobject@2.1.0
83 silly idealTree | `-- kind-of@3.2.2
83 silly idealTree +-- expand-tilde@2.0.2
83 silly idealTree +-- express@4.16.4
83 silly idealTree | `-- qs@6.5.2
83 silly idealTree +-- extend-shallow@3.0.2
83 silly idealTree | `-- is-extendable@1.0.1
83 silly idealTree +-- extend@3.0.2
83 silly idealTree +-- external-editor@2.2.0
83 silly idealTree +-- extglob@2.0.4
83 silly idealTree | +-- define-property@1.0.0
83 silly idealTree | +-- extend-shallow@2.0.1
83 silly idealTree | +-- is-accessor-descriptor@1.0.0
83 silly idealTree | +-- is-data-descriptor@1.0.0
83 silly idealTree | `-- is-descriptor@1.0.2
83 silly idealTree +-- extsprintf@1.3.0
83 silly idealTree +-- fancy-log@1.3.2
83 silly idealTree +-- fast-deep-equal@2.0.1
83 silly idealTree +-- fast-json-stable-stringify@2.0.0
83 silly idealTree +-- fast-levenshtein@2.0.6
83 silly idealTree +-- figures@2.0.0
83 silly idealTree +-- file-entry-cache@2.0.0
83 silly idealTree +-- filename-regex@2.0.1
83 silly idealTree +-- fill-range@4.0.0
83 silly idealTree | `-- extend-shallow@2.0.1
83 silly idealTree +-- finalhandler@1.1.1
83 silly idealTree +-- find-index@0.1.1
83 silly idealTree +-- find-root@1.1.0
83 silly idealTree +-- find-up@1.1.2
83 silly idealTree +-- findup-sync@2.0.0
83 silly idealTree +-- findup@0.1.5
83 silly idealTree | +-- colors@0.6.2
83 silly idealTree | `-- commander@2.1.0
83 silly idealTree +-- fined@1.1.0
83 silly idealTree +-- first-chunk-stream@1.0.0
83 silly idealTree +-- flagged-respawn@1.0.0
83 silly idealTree +-- flat-cache@1.3.4
83 silly idealTree | `-- graceful-fs@4.1.15
83 silly idealTree +-- for-in@1.0.2
83 silly idealTree +-- for-own@1.0.0
83 silly idealTree +-- forever-agent@0.6.1
83 silly idealTree +-- fork-stream@0.0.4
83 silly idealTree +-- form-data@2.1.4
83 silly idealTree +-- forwarded@0.1.2
83 silly idealTree +-- fragment-cache@0.2.1
83 silly idealTree +-- fresh@0.5.2
83 silly idealTree +-- from@0.1.7
83 silly idealTree +-- fs.realpath@1.0.0
83 silly idealTree +-- function-bind@1.1.1
83 silly idealTree +-- functional-red-black-tree@1.0.1
83 silly idealTree +-- gaze@0.5.2
83 silly idealTree +-- get-imports@1.0.0
83 silly idealTree +-- get-stdin@4.0.1
83 silly idealTree +-- get-value@2.0.6
83 silly idealTree +-- getpass@0.1.7
83 silly idealTree | `-- assert-plus@1.0.0
83 silly idealTree +-- glob-base@0.3.0
83 silly idealTree | +-- glob-parent@2.0.0
83 silly idealTree | +-- is-extglob@1.0.0
83 silly idealTree | `-- is-glob@2.0.1
83 silly idealTree +-- glob-parent@3.1.0
83 silly idealTree +-- glob-stream@3.1.18
83 silly idealTree | +-- glob@4.5.3
83 silly idealTree | +-- minimatch@2.0.10
83 silly idealTree | +-- readable-stream@1.0.34
83 silly idealTree | `-- through2@0.6.5
83 silly idealTree +-- glob-watcher@0.0.6
83 silly idealTree +-- glob@7.1.3
83 silly idealTree +-- glob2base@0.0.12
83 silly idealTree +-- global-modules@1.0.0
83 silly idealTree +-- global-prefix@1.0.2
83 silly idealTree +-- globals@11.9.0
83 silly idealTree +-- globby@6.1.0
83 silly idealTree | `-- pify@2.3.0
83 silly idealTree +-- globule@0.1.0
83 silly idealTree | +-- glob@3.1.21
83 silly idealTree | +-- graceful-fs@1.2.3
83 silly idealTree | +-- inherits@1.0.2
83 silly idealTree | `-- minimatch@0.2.14
83 silly idealTree +-- glogg@1.0.1
83 silly idealTree +-- graceful-fs@3.0.11
83 silly idealTree +-- growly@1.3.0
83 silly idealTree +-- gulp-autoprefixer@4.1.0
83 silly idealTree +-- gulp-chmod@2.0.0
83 silly idealTree +-- gulp-clean-css@3.10.0
83 silly idealTree | `-- plugin-error@1.0.1
83 silly idealTree +-- gulp-clone@1.1.4
83 silly idealTree | +-- ansi-regex@0.2.1
83 silly idealTree | +-- ansi-styles@1.1.0
83 silly idealTree | +-- chalk@0.5.1
83 silly idealTree | +-- dateformat@1.0.12
83 silly idealTree | +-- gulp-util@2.2.20
83 silly idealTree | | `-- through2@0.5.1
83 silly idealTree | +-- has-ansi@0.1.0
83 silly idealTree | +-- lodash._reinterpolate@2.4.1
83 silly idealTree | +-- lodash.escape@2.4.1
83 silly idealTree | +-- lodash.keys@2.4.1
83 silly idealTree | +-- lodash.template@2.4.1
83 silly idealTree | +-- lodash.templatesettings@2.4.1
83 silly idealTree | +-- minimist@0.2.0
83 silly idealTree | +-- readable-stream@1.0.34
83 silly idealTree | +-- strip-ansi@0.3.0
83 silly idealTree | +-- supports-color@0.2.0
83 silly idealTree | +-- through2@0.4.2
83 silly idealTree | | `-- xtend@2.1.2
83 silly idealTree | +-- vinyl@0.2.3
83 silly idealTree | `-- xtend@3.0.0
83 silly idealTree +-- gulp-concat-css@2.3.0
83 silly idealTree | +-- lodash.defaults@3.1.2
83 silly idealTree | `-- through2@1.1.1
83 silly idealTree +-- gulp-concat@2.6.1
83 silly idealTree | +-- clone-stats@1.0.0
83 silly idealTree | +-- clone@2.1.2
83 silly idealTree | +-- replace-ext@1.0.0
83 silly idealTree | `-- vinyl@2.2.0
83 silly idealTree +-- gulp-copy@1.0.0
83 silly idealTree +-- gulp-dedupe@0.0.2
83 silly idealTree +-- gulp-flatten@0.3.1
83 silly idealTree +-- gulp-header@1.8.12
83 silly idealTree | +-- lodash.template@4.4.0
83 silly idealTree | `-- lodash.templatesettings@4.1.0
83 silly idealTree +-- gulp-help@1.6.1
83 silly idealTree | `-- object-assign@3.0.0
83 silly idealTree +-- gulp-if@2.0.2
83 silly idealTree +-- gulp-json-editor@2.4.2
83 silly idealTree | `-- plugin-error@1.0.1
83 silly idealTree +-- gulp-less@3.5.0
83 silly idealTree | `-- replace-ext@1.0.0
83 silly idealTree +-- gulp-match@1.0.3
83 silly idealTree +-- gulp-notify@3.2.0
83 silly idealTree | +-- lodash.template@4.4.0
83 silly idealTree | `-- lodash.templatesettings@4.1.0
83 silly idealTree +-- gulp-plumber@1.2.0
83 silly idealTree +-- gulp-print@2.0.1
83 silly idealTree | `-- map-stream@0.0.7
83 silly idealTree +-- gulp-rename@1.4.0
83 silly idealTree +-- gulp-replace@0.6.1
83 silly idealTree | +-- isarray@1.0.0
83 silly idealTree | +-- readable-stream@2.3.6
83 silly idealTree | `-- string_decoder@1.1.1
83 silly idealTree +-- gulp-rtlcss@1.2.0
83 silly idealTree +-- gulp-uglify@3.0.1
83 silly idealTree | +-- commander@2.17.1
83 silly idealTree | +-- lodash@4.17.10
83 silly idealTree | +-- source-map@0.6.1
83 silly idealTree | `-- uglify-js@3.4.9
83 silly idealTree +-- gulp-util@3.0.8
83 silly idealTree | `-- object-assign@3.0.0
83 silly idealTree +-- gulp-watch@4.3.11
83 silly idealTree | +-- isarray@1.0.0
83 silly idealTree | +-- readable-stream@2.3.6
83 silly idealTree | +-- string_decoder@1.1.1
83 silly idealTree | `-- vinyl@1.2.0
83 silly idealTree +-- gulp@3.9.1
83 silly idealTree +-- gulplog@1.0.0
83 silly idealTree +-- har-schema@1.0.5
83 silly idealTree +-- har-validator@4.2.1
83 silly idealTree +-- has-ansi@2.0.0
83 silly idealTree +-- has-flag@3.0.0
83 silly idealTree +-- has-gulplog@0.1.0
83 silly idealTree +-- has-symbols@1.0.0
83 silly idealTree +-- has-value@1.0.0
83 silly idealTree +-- has-values@1.0.0
83 silly idealTree | `-- kind-of@4.0.0
83 silly idealTree +-- has@1.0.3
83 silly idealTree +-- hawk@3.1.3
83 silly idealTree +-- hoek@2.16.3
83 silly idealTree +-- homedir-polyfill@1.0.1
83 silly idealTree +-- hosted-git-info@2.7.1
83 silly idealTree +-- http-errors@1.6.3
83 silly idealTree +-- http-signature@1.1.1
83 silly idealTree +-- iconv-lite@0.4.24
83 silly idealTree +-- ignore@4.0.6
83 silly idealTree +-- image-size@0.5.5
83 silly idealTree +-- import-regex@1.1.0
83 silly idealTree +-- imurmurhash@0.1.4
83 silly idealTree +-- indent-string@2.1.0
83 silly idealTree +-- indx@0.2.3
83 silly idealTree +-- inflight@1.0.6
83 silly idealTree +-- inherits@2.0.3
83 silly idealTree +-- ini@1.3.5
83 silly idealTree +-- inquirer@3.2.3
83 silly idealTree | +-- ansi-regex@3.0.0
83 silly idealTree | +-- ansi-styles@3.2.1
83 silly idealTree | +-- chalk@2.4.1
83 silly idealTree | +-- lodash@4.17.10
83 silly idealTree | +-- strip-ansi@4.0.0
83 silly idealTree | `-- supports-color@5.5.0
83 silly idealTree +-- interpret@1.1.0
83 silly idealTree +-- ip-regex@1.0.3
83 silly idealTree +-- ipaddr.js@1.8.0
83 silly idealTree +-- is-absolute@1.0.0
83 silly idealTree +-- is-accessor-descriptor@0.1.6
83 silly idealTree | `-- kind-of@3.2.2
83 silly idealTree +-- is-arrayish@0.2.1
83 silly idealTree +-- is-binary-path@1.0.1
83 silly idealTree +-- is-buffer@1.1.6
83 silly idealTree +-- is-builtin-module@1.0.0
83 silly idealTree +-- is-callable@1.1.4
83 silly idealTree +-- is-data-descriptor@0.1.4
83 silly idealTree | `-- kind-of@3.2.2
83 silly idealTree +-- is-date-object@1.0.1
83 silly idealTree +-- is-descriptor@0.1.6
83 silly idealTree | `-- kind-of@5.1.0
83 silly idealTree +-- is-dotfile@1.0.3
83 silly idealTree +-- is-equal-shallow@0.1.3
83 silly idealTree +-- is-extendable@0.1.1
83 silly idealTree +-- is-extglob@2.1.1
83 silly idealTree +-- is-finite@1.0.2
83 silly idealTree +-- is-fullwidth-code-point@2.0.0
83 silly idealTree +-- is-glob@3.1.0
83 silly idealTree +-- is-number@3.0.0
83 silly idealTree | `-- kind-of@3.2.2
83 silly idealTree +-- is-obj@1.0.1
83 silly idealTree +-- is-path-cwd@1.0.0
83 silly idealTree +-- is-path-in-cwd@1.0.1
83 silly idealTree +-- is-path-inside@1.0.1
83 silly idealTree +-- is-plain-object@2.0.4
83 silly idealTree +-- is-posix-bracket@0.1.1
83 silly idealTree +-- is-primitive@2.0.0
83 silly idealTree +-- is-promise@2.1.0
83 silly idealTree +-- is-regex@1.0.4
83 silly idealTree +-- is-relative@1.0.0
83 silly idealTree +-- is-resolvable@1.1.0
83 silly idealTree +-- is-symbol@1.0.2
83 silly idealTree +-- is-typedarray@1.0.0
83 silly idealTree +-- is-unc-path@1.0.0
83 silly idealTree +-- is-utf8@0.2.1
83 silly idealTree +-- is-windows@1.0.2
83 silly idealTree +-- is@3.2.1
83 silly idealTree +-- isarray@0.0.1
83 silly idealTree +-- isexe@2.0.0
83 silly idealTree +-- isobject@3.0.1
83 silly idealTree +-- isstream@0.1.2
83 silly idealTree +-- istextorbinary@1.0.2
83 silly idealTree +-- jquery@3.3.1
83 silly idealTree +-- js-beautify@1.8.4
83 silly idealTree +-- js-tokens@3.0.2
83 silly idealTree +-- js-yaml@3.12.0
83 silly idealTree +-- jsbn@0.1.1
83 silly idealTree +-- json-parse-better-errors@1.0.2
83 silly idealTree +-- json-schema-traverse@0.4.1
83 silly idealTree +-- json-schema@0.2.3
83 silly idealTree +-- json-stable-stringify-without-jsonify@1.0.1
83 silly idealTree +-- json-stable-stringify@1.0.1
83 silly idealTree +-- json-stringify-safe@5.0.1
83 silly idealTree +-- jsonify@0.0.0
83 silly idealTree +-- jsprim@1.4.1
83 silly idealTree | `-- assert-plus@1.0.0
83 silly idealTree +-- jsx-ast-utils@2.0.1
83 silly idealTree +-- kind-of@6.0.2
83 silly idealTree +-- lazy-cache@1.0.4
83 silly idealTree +-- less@2.7.3
83 silly idealTree | `-- graceful-fs@4.1.11
83 silly idealTree +-- levn@0.3.0
83 silly idealTree +-- liftoff@2.5.0
83 silly idealTree +-- load-json-file@1.1.0
83 silly idealTree | +-- graceful-fs@4.1.11
83 silly idealTree | +-- pify@2.3.0
83 silly idealTree | `-- strip-bom@2.0.0
83 silly idealTree +-- locate-path@2.0.0
83 silly idealTree | `-- path-exists@3.0.0
83 silly idealTree +-- lodash._baseassign@3.2.0
83 silly idealTree +-- lodash._basecopy@3.0.1
83 silly idealTree +-- lodash._basetostring@3.0.1
83 silly idealTree +-- lodash._basevalues@3.0.0
83 silly idealTree +-- lodash._bindcallback@3.0.1
83 silly idealTree +-- lodash._createassigner@3.1.1
83 silly idealTree +-- lodash._escapehtmlchar@2.4.1
83 silly idealTree +-- lodash._escapestringchar@2.4.1
83 silly idealTree +-- lodash._getnative@3.9.1
83 silly idealTree +-- lodash._htmlescapes@2.4.1
83 silly idealTree +-- lodash._isiterateecall@3.0.9
83 silly idealTree +-- lodash._isnative@2.4.1
83 silly idealTree +-- lodash._objecttypes@2.4.1
83 silly idealTree +-- lodash._reescape@3.0.0
83 silly idealTree +-- lodash._reevaluate@3.0.0
83 silly idealTree +-- lodash._reinterpolate@3.0.0
83 silly idealTree +-- lodash._reunescapedhtml@2.4.1
83 silly idealTree | `-- lodash.keys@2.4.1
83 silly idealTree +-- lodash._root@3.0.1
83 silly idealTree +-- lodash._shimkeys@2.4.1
83 silly idealTree +-- lodash.assign@3.2.0
83 silly idealTree +-- lodash.clone@4.5.0
83 silly idealTree +-- lodash.defaults@2.4.1
83 silly idealTree | `-- lodash.keys@2.4.1
83 silly idealTree +-- lodash.escape@3.2.0
83 silly idealTree +-- lodash.flatten@4.4.0
83 silly idealTree +-- lodash.isarguments@3.1.0
83 silly idealTree +-- lodash.isarray@3.0.4
83 silly idealTree +-- lodash.isobject@2.4.1
83 silly idealTree +-- lodash.keys@3.1.2
83 silly idealTree +-- lodash.merge@4.6.1
83 silly idealTree +-- lodash.partialright@4.2.1
83 silly idealTree +-- lodash.pick@4.4.0
83 silly idealTree +-- lodash.restparam@3.6.1
83 silly idealTree +-- lodash.template@3.6.2
83 silly idealTree +-- lodash.templatesettings@3.1.1
83 silly idealTree +-- lodash.uniq@4.5.0
83 silly idealTree +-- lodash.values@2.4.1
83 silly idealTree | `-- lodash.keys@2.4.1
83 silly idealTree +-- lodash@1.0.2
83 silly idealTree +-- longest@1.0.1
83 silly idealTree +-- loose-envify@1.4.0
83 silly idealTree +-- loud-rejection@1.6.0
83 silly idealTree +-- lru-cache@2.7.3
83 silly idealTree +-- make-error-cause@1.2.2
83 silly idealTree +-- make-error@1.3.5
83 silly idealTree +-- make-iterator@1.0.1
83 silly idealTree +-- map-cache@0.2.2
83 silly idealTree +-- map-obj@1.0.1
83 silly idealTree +-- map-stream@0.1.0
83 silly idealTree +-- map-visit@1.0.0
83 silly idealTree +-- math-random@1.0.1
83 silly idealTree +-- media-typer@0.3.0
83 silly idealTree +-- memory-pager@1.4.0
83 silly idealTree +-- meow@3.7.0
83 silly idealTree +-- merge-descriptors@1.0.1
83 silly idealTree +-- merge-stream@1.0.1
83 silly idealTree | +-- isarray@1.0.0
83 silly idealTree | +-- readable-stream@2.3.6
83 silly idealTree | `-- string_decoder@1.1.1
83 silly idealTree +-- methods@1.1.2
83 silly idealTree +-- micromatch@3.1.10
83 silly idealTree +-- mime-db@1.36.0
83 silly idealTree +-- mime-types@2.1.20
83 silly idealTree +-- mime@1.6.0
83 silly idealTree +-- mimic-fn@1.2.0
83 silly idealTree +-- minimatch@3.0.4
83 silly idealTree +-- minimist@1.2.0
83 silly idealTree +-- mixin-deep@1.3.1
83 silly idealTree | `-- is-extendable@1.0.1
83 silly idealTree +-- mkdirp@0.5.1
83 silly idealTree | `-- minimist@0.0.8
83 silly idealTree +-- mongodb-core@3.1.9
83 silly idealTree +-- mongodb@3.1.10
83 silly idealTree +-- ms@2.0.0
83 silly idealTree +-- multipipe@0.1.2
83 silly idealTree +-- mute-stream@0.0.7
83 silly idealTree +-- nanomatch@1.2.13
83 silly idealTree +-- natives@1.1.4
83 silly idealTree +-- natural-compare@1.4.0
83 silly idealTree +-- negotiator@0.6.1
83 silly idealTree +-- nice-try@1.0.5
83 silly idealTree +-- node-notifier@5.2.1
83 silly idealTree | `-- semver@5.5.1
83 silly idealTree +-- node.extend@2.0.0
83 silly idealTree +-- nopt@4.0.1
83 silly idealTree +-- normalize-package-data@2.4.0
83 silly idealTree +-- normalize-path@2.1.1
83 silly idealTree +-- normalize-range@0.1.2
83 silly idealTree +-- num2fraction@1.2.2
83 silly idealTree +-- number-is-nan@1.0.1
83 silly idealTree +-- oauth-sign@0.8.2
83 silly idealTree +-- object-assign@4.1.1
83 silly idealTree +-- object-copy@0.1.0
83 silly idealTree | +-- define-property@0.2.5
83 silly idealTree | `-- kind-of@3.2.2
83 silly idealTree +-- object-keys@0.4.0
83 silly idealTree +-- object-visit@1.0.1
83 silly idealTree +-- object.defaults@1.1.0
83 silly idealTree +-- object.map@1.0.1
83 silly idealTree +-- object.omit@2.0.1
83 silly idealTree | `-- for-own@0.1.5
83 silly idealTree +-- object.pick@1.3.0
83 silly idealTree +-- on-finished@2.3.0
83 silly idealTree +-- once@1.4.0
83 silly idealTree +-- onetime@2.0.1
83 silly idealTree +-- optionator@0.8.2
83 silly idealTree | `-- wordwrap@1.0.0
83 silly idealTree +-- orchestrator@0.3.8
83 silly idealTree +-- ordered-read-streams@0.1.0
83 silly idealTree +-- os-homedir@1.0.2
83 silly idealTree +-- os-tmpdir@1.0.2
83 silly idealTree +-- osenv@0.1.5
83 silly idealTree +-- p-limit@1.3.0
83 silly idealTree +-- p-locate@2.0.0
83 silly idealTree +-- p-map@1.2.0
83 silly idealTree +-- p-try@1.0.0
83 silly idealTree +-- parse-filepath@1.0.2
83 silly idealTree +-- parse-glob@3.0.4
83 silly idealTree | +-- is-extglob@1.0.0
83 silly idealTree | `-- is-glob@2.0.1
83 silly idealTree +-- parse-import@2.0.0
83 silly idealTree +-- parse-json@2.2.0
83 silly idealTree +-- parse-passwd@1.0.0
83 silly idealTree +-- parseurl@1.3.2
83 silly idealTree +-- pascalcase@0.1.1
83 silly idealTree +-- path-dirname@1.0.2
83 silly idealTree +-- path-exists@2.1.0
83 silly idealTree +-- path-is-absolute@1.0.1
83 silly idealTree +-- path-is-inside@1.0.2
83 silly idealTree +-- path-key@2.0.1
83 silly idealTree +-- path-parse@1.0.6
83 silly idealTree +-- path-root-regex@0.1.2
83 silly idealTree +-- path-root@0.1.1
83 silly idealTree +-- path-to-regexp@0.1.7
83 silly idealTree +-- path-type@1.1.0
83 silly idealTree | +-- graceful-fs@4.1.11
83 silly idealTree | `-- pify@2.3.0
83 silly idealTree +-- pause-stream@0.0.11
83 silly idealTree +-- performance-now@0.2.0
83 silly idealTree +-- pify@3.0.0
83 silly idealTree +-- pinkie-promise@2.0.1
83 silly idealTree +-- pinkie@2.0.4
83 silly idealTree +-- pkg-conf@2.1.0
83 silly idealTree | +-- find-up@2.1.0
83 silly idealTree | +-- graceful-fs@4.1.15
83 silly idealTree | +-- load-json-file@4.0.0
83 silly idealTree | +-- parse-json@4.0.0
83 silly idealTree | `-- strip-bom@3.0.0
83 silly idealTree +-- pkg-config@1.1.1
83 silly idealTree +-- pkg-dir@1.0.0
83 silly idealTree +-- plugin-error@0.1.2
83 silly idealTree | +-- arr-diff@1.1.0
83 silly idealTree | +-- arr-union@2.1.0
83 silly idealTree | +-- array-slice@0.2.3
83 silly idealTree | +-- extend-shallow@1.1.4
83 silly idealTree | `-- kind-of@1.1.0
83 silly idealTree +-- pluralize@7.0.0
83 silly idealTree +-- posix-character-classes@0.1.1
83 silly idealTree +-- postcss-value-parser@3.3.0
83 silly idealTree +-- postcss@6.0.23
83 silly idealTree | +-- ansi-styles@3.2.1
83 silly idealTree | +-- chalk@2.4.1
83 silly idealTree | +-- source-map@0.6.1
83 silly idealTree | `-- supports-color@5.5.0
83 silly idealTree +-- prelude-ls@1.1.2
83 silly idealTree +-- preserve@0.2.0
83 silly idealTree +-- pretty-hrtime@1.0.3
83 silly idealTree +-- process-nextick-args@2.0.0
83 silly idealTree +-- progress@2.0.3
83 silly idealTree +-- promise@7.3.1
83 silly idealTree +-- prompt-sui@3.2.1
83 silly idealTree +-- prop-types@15.6.2
83 silly idealTree +-- proto-list@1.2.4
83 silly idealTree +-- proxy-addr@2.0.4
83 silly idealTree +-- prr@1.0.1
83 silly idealTree +-- pseudomap@1.0.2
83 silly idealTree +-- punycode@1.4.1
83 silly idealTree +-- qs@6.4.0
83 silly idealTree +-- randomatic@3.1.0
83 silly idealTree | `-- is-number@4.0.0
83 silly idealTree +-- range-parser@1.2.0
83 silly idealTree +-- raw-body@2.3.3
83 silly idealTree | `-- iconv-lite@0.4.23
83 silly idealTree +-- read-pkg-up@1.0.1
83 silly idealTree +-- read-pkg@1.1.0
83 silly idealTree +-- readable-stream@1.1.14
83 silly idealTree +-- readdirp@2.1.0
83 silly idealTree | +-- graceful-fs@4.1.11
83 silly idealTree | +-- isarray@1.0.0
83 silly idealTree | +-- readable-stream@2.3.6
83 silly idealTree | `-- string_decoder@1.1.1
83 silly idealTree +-- readline-sync@1.4.9
83 silly idealTree +-- rechoir@0.6.2
83 silly idealTree +-- redent@1.0.0
83 silly idealTree +-- regex-cache@0.4.4
83 silly idealTree +-- regex-not@1.0.2
83 silly idealTree +-- regexpp@2.0.1
83 silly idealTree +-- remove-trailing-separator@1.1.0
83 silly idealTree +-- repeat-element@1.1.3
83 silly idealTree +-- repeat-string@1.6.1
83 silly idealTree +-- repeating@2.0.1
83 silly idealTree +-- replace-ext@0.0.1
83 silly idealTree +-- replacestream@4.0.3
83 silly idealTree | +-- isarray@1.0.0
83 silly idealTree | +-- readable-stream@2.3.6
83 silly idealTree | `-- string_decoder@1.1.1
83 silly idealTree +-- request@2.81.0
83 silly idealTree +-- require_optional@1.0.1
83 silly idealTree | +-- resolve-from@2.0.0
83 silly idealTree | `-- semver@5.6.0
83 silly idealTree +-- require-dot-file@0.4.0
83 silly idealTree +-- require-uncached@1.0.3
83 silly idealTree +-- resolve-dir@1.0.1
83 silly idealTree +-- resolve-from@1.0.1
83 silly idealTree +-- resolve-url@0.2.1
83 silly idealTree +-- resolve@1.8.1
83 silly idealTree +-- restore-cursor@2.0.0
83 silly idealTree +-- ret@0.1.15
83 silly idealTree +-- rework-import@2.1.0
83 silly idealTree | +-- glob@5.0.15
83 silly idealTree | +-- globby@2.1.0
83 silly idealTree | `-- object-assign@3.0.0
83 silly idealTree +-- rework-plugin-function@1.0.2
83 silly idealTree +-- rework-plugin-url@1.1.0
83 silly idealTree +-- rework-visit@1.0.0
83 silly idealTree +-- rework@1.0.1
83 silly idealTree +-- right-align@0.1.3
83 silly idealTree +-- rimraf@2.6.2
83 silly idealTree +-- rtlcss@2.4.0
83 silly idealTree | +-- ansi-styles@3.2.1
83 silly idealTree | +-- chalk@2.4.1
83 silly idealTree | `-- supports-color@5.5.0
83 silly idealTree +-- run-async@2.3.0
83 silly idealTree +-- run-parallel@1.1.9
83 silly idealTree +-- run-sequence@2.2.1
83 silly idealTree +-- rx-lite-aggregates@4.0.8
83 silly idealTree +-- rx-lite@4.0.8
83 silly idealTree +-- rxjs@5.5.12
83 silly idealTree +-- safe-buffer@5.1.2
83 silly idealTree +-- safe-regex@1.1.0
83 silly idealTree +-- safer-buffer@2.1.2
83 silly idealTree +-- saslprep@1.0.2
83 silly idealTree +-- semantic-ui@2.3.3
83 silly idealTree +-- semver@4.3.6
83 silly idealTree +-- send@0.16.2
83 silly idealTree | `-- mime@1.4.1
83 silly idealTree +-- sequencify@0.0.7
83 silly idealTree +-- serve-static@1.13.2
83 silly idealTree +-- set-immediate-shim@1.0.1
83 silly idealTree +-- set-value@2.0.0
83 silly idealTree | `-- extend-shallow@2.0.1
83 silly idealTree +-- setprototypeof@1.1.0
83 silly idealTree +-- shebang-command@1.2.0
83 silly idealTree +-- shebang-regex@1.0.0
83 silly idealTree +-- shellwords@0.1.1
83 silly idealTree +-- sigmund@1.0.1
83 silly idealTree +-- signal-exit@3.0.2
83 silly idealTree +-- slash@1.0.0
83 silly idealTree +-- slice-ansi@1.0.0
83 silly idealTree +-- snapdragon-node@2.1.1
83 silly idealTree | +-- define-property@1.0.0
83 silly idealTree | +-- is-accessor-descriptor@1.0.0
83 silly idealTree | +-- is-data-descriptor@1.0.0
83 silly idealTree | `-- is-descriptor@1.0.2
83 silly idealTree +-- snapdragon-util@3.0.1
83 silly idealTree | `-- kind-of@3.2.2
83 silly idealTree +-- snapdragon@0.8.2
83 silly idealTree | +-- define-property@0.2.5
83 silly idealTree | `-- extend-shallow@2.0.1
83 silly idealTree +-- sntp@1.0.9
83 silly idealTree +-- source-map-resolve@0.5.2
83 silly idealTree +-- source-map-url@0.4.0
83 silly idealTree +-- source-map@0.5.7
83 silly idealTree +-- sparkles@1.0.1
83 silly idealTree +-- sparse-bitfield@3.0.3
83 silly idealTree +-- spdx-correct@3.0.0
83 silly idealTree +-- spdx-exceptions@2.1.0
83 silly idealTree +-- spdx-expression-parse@3.0.0
83 silly idealTree +-- spdx-license-ids@3.0.1
83 silly idealTree +-- split-string@3.1.0
83 silly idealTree +-- split@0.2.10
83 silly idealTree +-- sprintf-js@1.0.3
83 silly idealTree +-- sshpk@1.14.2
83 silly idealTree | `-- assert-plus@1.0.0
83 silly idealTree +-- standard-engine@9.0.0
83 silly idealTree | `-- get-stdin@6.0.0
83 silly idealTree +-- standard@12.0.1
83 silly idealTree +-- stat-mode@0.2.2
83 silly idealTree +-- static-extend@0.1.2
83 silly idealTree | `-- define-property@0.2.5
83 silly idealTree +-- statuses@1.4.0
83 silly idealTree +-- stream-combiner@0.0.4
83 silly idealTree +-- stream-consume@0.1.1
83 silly idealTree +-- stream-shift@1.0.0
83 silly idealTree +-- string_decoder@0.10.31
83 silly idealTree +-- string-width@2.1.1
83 silly idealTree | +-- ansi-regex@3.0.0
83 silly idealTree | `-- strip-ansi@4.0.0
83 silly idealTree +-- stringstream@0.0.6
83 silly idealTree +-- strip-ansi@3.0.1
83 silly idealTree +-- strip-bom-stream@2.0.0
83 silly idealTree | +-- first-chunk-stream@2.0.0
83 silly idealTree | +-- isarray@1.0.0
83 silly idealTree | +-- readable-stream@2.3.6
83 silly idealTree | +-- string_decoder@1.1.1
83 silly idealTree | `-- strip-bom@2.0.0
83 silly idealTree +-- strip-bom@1.0.0
83 silly idealTree +-- strip-indent@1.0.1
83 silly idealTree +-- strip-json-comments@2.0.1
83 silly idealTree +-- supports-color@2.0.0
83 silly idealTree +-- symbol-observable@1.0.1
83 silly idealTree +-- table@4.0.3
83 silly idealTree | +-- ajv@6.6.2
83 silly idealTree | +-- ansi-styles@3.2.1
83 silly idealTree | +-- chalk@2.4.1
83 silly idealTree | +-- lodash@4.17.11
83 silly idealTree | `-- supports-color@5.5.0
83 silly idealTree +-- ternary-stream@2.0.1
83 silly idealTree +-- text-table@0.2.0
83 silly idealTree +-- textextensions@1.0.2
83 silly idealTree +-- through@2.3.8
83 silly idealTree +-- through2@2.0.3
83 silly idealTree | +-- isarray@1.0.0
83 silly idealTree | +-- readable-stream@2.3.6
83 silly idealTree | `-- string_decoder@1.1.1
83 silly idealTree +-- tildify@1.2.0
83 silly idealTree +-- time-stamp@1.1.0
83 silly idealTree +-- tmp@0.0.33
83 silly idealTree +-- to-object-path@0.3.0
83 silly idealTree | `-- kind-of@3.2.2
83 silly idealTree +-- to-regex-range@2.1.1
83 silly idealTree +-- to-regex@3.0.2
83 silly idealTree +-- tough-cookie@2.3.4
83 silly idealTree +-- trim-newlines@1.0.0
83 silly idealTree +-- tunnel-agent@0.6.0
83 silly idealTree +-- tweetnacl@0.14.5
83 silly idealTree +-- type-check@0.3.2
83 silly idealTree +-- type-is@1.6.16
83 silly idealTree +-- uglify-js@2.8.29
83 silly idealTree +-- uglify-to-browserify@1.0.2
83 silly idealTree +-- unc-path-regex@0.1.2
83 silly idealTree +-- union-value@1.0.0
83 silly idealTree | +-- extend-shallow@2.0.1
83 silly idealTree | `-- set-value@0.4.3
83 silly idealTree +-- uniq@1.0.1
83 silly idealTree +-- unique-stream@1.0.0
83 silly idealTree +-- unpipe@1.0.0
83 silly idealTree +-- unset-value@1.0.0
83 silly idealTree | +-- has-value@0.3.1
83 silly idealTree | | `-- isobject@2.1.0
83 silly idealTree | +-- has-values@0.1.4
83 silly idealTree | `-- isarray@1.0.0
83 silly idealTree +-- uri-js@4.2.2
83 silly idealTree | `-- punycode@2.1.1
83 silly idealTree +-- urix@0.1.0
83 silly idealTree +-- url-regex@3.2.0
83 silly idealTree +-- use@3.1.1
83 silly idealTree +-- user-home@1.1.1
83 silly idealTree +-- util-deprecate@1.0.2
83 silly idealTree +-- utils-merge@1.0.1
83 silly idealTree +-- uuid@3.3.2
83 silly idealTree +-- v8flags@2.1.1
83 silly idealTree +-- validate-npm-package-license@3.0.4
83 silly idealTree +-- vary@1.1.2
83 silly idealTree +-- verror@1.10.0
83 silly idealTree | `-- assert-plus@1.0.0
83 silly idealTree +-- vinyl-file@2.0.0
83 silly idealTree | +-- graceful-fs@4.1.11
83 silly idealTree | +-- pify@2.3.0
83 silly idealTree | +-- strip-bom@2.0.0
83 silly idealTree | `-- vinyl@1.2.0
83 silly idealTree +-- vinyl-fs@0.3.14
83 silly idealTree | +-- clone@0.2.0
83 silly idealTree | +-- readable-stream@1.0.34
83 silly idealTree | +-- through2@0.6.5
83 silly idealTree | `-- vinyl@0.4.6
83 silly idealTree +-- vinyl-sourcemaps-apply@0.2.1
83 silly idealTree +-- vinyl@0.5.3
83 silly idealTree +-- when@3.7.8
83 silly idealTree +-- which@1.3.1
83 silly idealTree +-- window-size@0.1.0
83 silly idealTree +-- wordwrap@0.0.2
83 silly idealTree +-- wrappy@1.0.2
83 silly idealTree +-- wrench-sui@0.0.3
83 silly idealTree +-- write@0.2.1
83 silly idealTree +-- xtend@4.0.1
83 silly idealTree +-- yallist@2.1.2
83 silly idealTree +-- yamljs@0.3.0
83 silly idealTree `-- yargs@3.10.0
83 silly idealTree   `-- camelcase@1.2.1
84 silly generateActionsToTake Starting
85 silly install generateActionsToTake
86 warn checkPermissions Missing write access to /home/harish/node_modules
87 silly rollbackFailedOptional Starting
88 silly rollbackFailedOptional Finishing
89 silly runTopLevelLifecycles Finishing
90 silly install printInstalled
91 warn optional SKIPPING OPTIONAL DEPENDENCY: fsevents@^1.0.0 (node_modules/chokidar/node_modules/fsevents):
92 warn notsup SKIPPING OPTIONAL DEPENDENCY: Unsupported platform for fsevents@1.2.4: wanted {"os":"darwin","arch":"any"} (current: {"os":"linux","arch":"x64"})
93 verbose notsup SKIPPING OPTIONAL DEPENDENCY: Valid OS:    darwin
93 verbose notsup SKIPPING OPTIONAL DEPENDENCY: Valid Arch:  any
93 verbose notsup SKIPPING OPTIONAL DEPENDENCY: Actual OS:   linux
93 verbose notsup SKIPPING OPTIONAL DEPENDENCY: Actual Arch: x64
94 warn enoent ENOENT: no such file or directory, open '/home/harish/package.json'
95 verbose enoent ENOENT: no such file or directory, open '/home/harish/package.json'
95 verbose enoent This is most likely not a problem with npm itself
95 verbose enoent and is related to npm not being able to find a file.
96 warn ajv-keywords@3.2.0 requires a peer of ajv@^6.0.0 but none was installed.
97 verbose If you need help, you may report this error at:
97 verbose     <https://github.com/npm/npm/issues>
98 warn harish No description
99 verbose If you need help, you may report this error at:
99 verbose     <https://github.com/npm/npm/issues>
100 warn harish No repository field.
101 verbose If you need help, you may report this error at:
101 verbose     <https://github.com/npm/npm/issues>
102 warn harish No README data
103 verbose If you need help, you may report this error at:
103 verbose     <https://github.com/npm/npm/issues>
104 warn harish No license field.
105 verbose If you need help, you may report this error at:
105 verbose     <https://github.com/npm/npm/issues>
106 verbose stack Error: EACCES: permission denied, access '/home/harish/node_modules'
106 verbose stack     at Error (native)
107 verbose cwd /home/harish/Desktop/javaScript/JavaScript/challenges
108 error Linux 4.10.0-42-generic
109 error argv "/usr/bin/node" "/usr/bin/npm" "install" "readline-sync"
110 error node v6.13.0
111 error npm  v3.10.10
112 error path /home/harish/node_modules
113 error code EACCES
114 error errno -13
115 error syscall access
116 error Error: EACCES: permission denied, access '/home/harish/node_modules'
116 error     at Error (native)
116 error  { Error: EACCES: permission denied, access '/home/harish/node_modules'
116 error     at Error (native)
116 error   errno: -13,
116 error   code: 'EACCES',
116 error   syscall: 'access',
116 error   path: '/home/harish/node_modules' }
117 error Please try running this command again as root/Administrator.
118 verbose exit [ -13, true ]
